[35m[1mScanning dependencies of target collision_publisher_node[0m
[ 50%] [32mBuilding CXX object CMakeFiles/collision_publisher_node.dir/src/collision_publisher.cpp.o[0m
In file included from [01m[K/usr/lib/x86_64-linux-gnu/pkgconfig/../../../include/ignition/math6/gz/math/Quaternion.hh:20[m[K,
                 from [01m[K/usr/lib/x86_64-linux-gnu/pkgconfig/../../../include/ignition/math6/gz/math/Pose3.hh:20[m[K,
                 from [01m[K/usr/lib/x86_64-linux-gnu/pkgconfig/../../../include/ignition/math6/ignition/math/Pose3.hh:18[m[K,
                 from [01m[K/usr/include/sdformat-9.8/sdf/Actor.hh:23[m[K,
                 from [01m[K/usr/include/sdformat-9.8/sdf/sdf.hh:2[m[K,
                 from [01m[K/usr/lib/x86_64-linux-gnu/pkgconfig/../../../include/gazebo-11/gazebo/msgs/msgs.hh:22[m[K,
                 from [01m[K/usr/lib/x86_64-linux-gnu/pkgconfig/../../../include/gazebo-11/gazebo/transport/CallbackHelper.hh:29[m[K,
                 from [01m[K/usr/lib/x86_64-linux-gnu/pkgconfig/../../../include/gazebo-11/gazebo/transport/transport.hh:2[m[K,
                 from [01m[K/home/raj/jackal_ws/src/nav-competition-icra2022/jackal_helper/src/collision_publisher.cpp:5[m[K:
[01m[K/usr/lib/x86_64-linux-gnu/pkgconfig/../../../include/ignition/math6/gz/math/Helpers.hh:40:13:[m[K [01;35m[Kwarning: [m[Kvariable templates only available with ‘[01m[K-std=c++14[m[K’ or ‘[01m[K-std=gnu++14[m[K’
   40 | constexpr T [01;35m[KIGN_MASSMATRIX3_DEFAULT_TOLERANCE[m[K = T(10);
      |             [01;35m[K^~~~~~~~~~~~~~~~~~~~~~~~~~~~~~~~~[m[K
[01m[K/usr/lib/x86_64-linux-gnu/pkgconfig/../../../include/ignition/math6/gz/math/Helpers.hh:[m[K In function ‘[01m[Kstd::chrono::_V2::steady_clock::duration ignition::math::v6::stringToDuration(const string&)[m[K’:
[01m[K/usr/lib/x86_64-linux-gnu/pkgconfig/../../../include/ignition/math6/gz/math/Helpers.hh:1059:28:[m[K [01;31m[Kerror: [m[K‘[01m[Kchrono_literals[m[K’ is not a namespace-name
 1059 |       using namespace std::[01;31m[Kchrono_literals[m[K;
      |                            [01;31m[K^~~~~~~~~~~~~~~[m[K
[01m[K/usr/lib/x86_64-linux-gnu/pkgconfig/../../../include/ignition/math6/gz/math/Helpers.hh:[m[K In function ‘[01m[Kstd::chrono::_V2::steady_clock::time_point ignition::math::v6::stringToTimePoint(const string&)[m[K’:
[01m[K/usr/lib/x86_64-linux-gnu/pkgconfig/../../../include/ignition/math6/gz/math/Helpers.hh:1101:28:[m[K [01;31m[Kerror: [m[K‘[01m[Kchrono_literals[m[K’ is not a namespace-name
 1101 |       using namespace std::[01;31m[Kchrono_literals[m[K;
      |                            [01;31m[K^~~~~~~~~~~~~~~[m[K
[01m[K/usr/lib/x86_64-linux-gnu/pkgconfig/../../../include/ignition/math6/gz/math/Helpers.hh:1102:56:[m[K [01;31m[Kerror: [m[Kunable to find numeric literal operator ‘[01m[Koperator""s[m[K’
 1102 |       std::chrono::steady_clock::time_point timePoint{-[01;31m[K1s[m[K};
      |                                                        [01;31m[K^~[m[K
[01m[K/usr/lib/x86_64-linux-gnu/pkgconfig/../../../include/ignition/math6/gz/math/Helpers.hh:1102:56:[m[K [01;36m[Knote: [m[Kuse ‘[01m[K-fext-numeric-literals[m[K’ to enable more built-in suffixes
[01m[K/usr/lib/x86_64-linux-gnu/pkgconfig/../../../include/ignition/math6/gz/math/Helpers.hh:1102:58:[m[K [01;31m[Kerror: [m[Kno matching function for call to ‘[01m[Kstd::chrono::time_point<std::chrono::_V2::steady_clock, std::chrono::duration<long int, std::ratio<1, 1000000000> > >::time_point(<brace-enclosed initializer list>)[m[K’
 1102 |       std::chrono::steady_clock::time_point timePoint{-1s[01;31m[K}[m[K;
      |                                                          [01;31m[K^[m[K
In file included from [01m[K/usr/include/c++/9/mutex:39[m[K,
                 from [01m[K/usr/include/google/protobuf/stubs/mutex.h:33[m[K,
                 from [01m[K/usr/include/google/protobuf/stubs/common.h:52[m[K,
                 from [01m[K/usr/include/google/protobuf/arena_impl.h:39[m[K,
                 from [01m[K/usr/include/google/protobuf/arena.h:51[m[K,
                 from [01m[K/usr/include/google/protobuf/message.h:118[m[K,
                 from [01m[K/usr/lib/x86_64-linux-gnu/pkgconfig/../../../include/gazebo-11/gazebo/transport/CallbackHelper.hh:20[m[K,
                 from [01m[K/usr/lib/x86_64-linux-gnu/pkgconfig/../../../include/gazebo-11/gazebo/transport/transport.hh:2[m[K,
                 from [01m[K/home/raj/jackal_ws/src/nav-competition-icra2022/jackal_helper/src/collision_publisher.cpp:5[m[K:
[01m[K/usr/include/c++/9/chrono:643:14:[m[K [01;36m[Knote: [m[Kcandidate: ‘[01m[Ktemplate<class _Dur2, class> constexpr std::chrono::time_point<_Clock, _Dur>::time_point(const std::chrono::time_point<_Clock, _Dur2>&)[m[K’
  643 |    constexpr [01;36m[Ktime_point[m[K(const time_point<clock, _Dur2>& __t)
      |              [01;36m[K^~~~~~~~~~[m[K
[01m[K/usr/include/c++/9/chrono:643:14:[m[K [01;36m[Knote: [m[K  template argument deduction/substitution failed:
[01m[K/usr/include/c++/9/chrono:636:21:[m[K [01;36m[Knote: [m[Kcandidate: ‘[01m[Kconstexpr std::chrono::time_point<_Clock, _Dur>::time_point(const duration&) [with _Clock = std::chrono::_V2::steady_clock; _Dur = std::chrono::duration<long int, std::ratio<1, 1000000000> >; std::chrono::time_point<_Clock, _Dur>::duration = std::chrono::duration<long int, std::ratio<1, 1000000000> >][m[K’
  636 |  constexpr explicit [01;36m[Ktime_point[m[K(const duration& __dur)
      |                     [01;36m[K^~~~~~~~~~[m[K
[01m[K/usr/include/c++/9/chrono:636:21:[m[K [01;36m[Knote: [m[K  conversion of argument 1 would be ill-formed:
[01m[K/usr/include/c++/9/chrono:633:12:[m[K [01;36m[Knote: [m[Kcandidate: ‘[01m[Kconstexpr std::chrono::time_point<_Clock, _Dur>::time_point() [with _Clock = std::chrono::_V2::steady_clock; _Dur = std::chrono::duration<long int, std::ratio<1, 1000000000> >][m[K’
  633 |  constexpr [01;36m[Ktime_point[m[K() : __d(duration::zero())
      |            [01;36m[K^~~~~~~~~~[m[K
[01m[K/usr/include/c++/9/chrono:633:12:[m[K [01;36m[Knote: [m[K  candidate expects 0 arguments, 1 provided
[01m[K/usr/include/c++/9/chrono:626:14:[m[K [01;36m[Knote: [m[Kcandidate: ‘[01m[Kconstexpr std::chrono::time_point<std::chrono::_V2::steady_clock, std::chrono::duration<long int, std::ratio<1, 1000000000> > >::time_point(const std::chrono::time_point<std::chrono::_V2::steady_clock, std::chrono::duration<long int, std::ratio<1, 1000000000> > >&)[m[K’
  626 |       struct [01;36m[Ktime_point[m[K
      |              [01;36m[K^~~~~~~~~~[m[K
[01m[K/usr/include/c++/9/chrono:626:14:[m[K [01;36m[Knote: [m[K  conversion of argument 1 would be ill-formed:
[01m[K/usr/include/c++/9/chrono:626:14:[m[K [01;36m[Knote: [m[Kcandidate: ‘[01m[Kconstexpr std::chrono::time_point<std::chrono::_V2::steady_clock, std::chrono::duration<long int, std::ratio<1, 1000000000> > >::time_point(std::chrono::time_point<std::chrono::_V2::steady_clock, std::chrono::duration<long int, std::ratio<1, 1000000000> > >&&)[m[K’
[01m[K/usr/include/c++/9/chrono:626:14:[m[K [01;36m[Knote: [m[K  conversion of argument 1 would be ill-formed:
In file included from [01m[K/usr/lib/x86_64-linux-gnu/pkgconfig/../../../include/ignition/math6/gz/math/Region3.hh:25[m[K,
                 from [01m[K/usr/lib/x86_64-linux-gnu/pkgconfig/../../../include/ignition/math6/gz/math/AdditivelySeparableScalarField3.hh:23[m[K,
                 from [01m[K/usr/lib/x86_64-linux-gnu/pkgconfig/../../../include/ignition/math6/gz/math.hh:27[m[K,
                 from [01m[K/usr/lib/x86_64-linux-gnu/pkgconfig/../../../include/ignition/math6/ignition/math.hh:18[m[K,
                 from [01m[K/usr/include/sdformat-9.8/sdf/Param.hh:33[m[K,
                 from [01m[K/usr/include/sdformat-9.8/sdf/Element.hh:28[m[K,
                 from [01m[K/usr/include/sdformat-9.8/sdf/Actor.hh:25[m[K,
                 from [01m[K/usr/include/sdformat-9.8/sdf/sdf.hh:2[m[K,
                 from [01m[K/usr/lib/x86_64-linux-gnu/pkgconfig/../../../include/gazebo-11/gazebo/msgs/msgs.hh:22[m[K,
                 from [01m[K/usr/lib/x86_64-linux-gnu/pkgconfig/../../../include/gazebo-11/gazebo/transport/CallbackHelper.hh:29[m[K,
                 from [01m[K/usr/lib/x86_64-linux-gnu/pkgconfig/../../../include/gazebo-11/gazebo/transport/transport.hh:2[m[K,
                 from [01m[K/home/raj/jackal_ws/src/nav-competition-icra2022/jackal_helper/src/collision_publisher.cpp:5[m[K:
[01m[K/usr/lib/x86_64-linux-gnu/pkgconfig/../../../include/ignition/math6/gz/math/Interval.hh:[m[K At global scope:
[01m[K/usr/lib/x86_64-linux-gnu/pkgconfig/../../../include/ignition/math6/gz/math/Interval.hh:286:30:[m[K [01;35m[Kwarning: [m[Kvariable templates only available with ‘[01m[K-std=c++14[m[K’ or ‘[01m[K-std=gnu++14[m[K’
  286 |        constexpr Interval<T> [01;35m[KgUnboundedInterval[m[K =
      |                              [01;35m[K^~~~~~~~~~~~~~~~~~[m[K
In file included from [01m[K/usr/lib/x86_64-linux-gnu/pkgconfig/../../../include/ignition/math6/gz/math/AdditivelySeparableScalarField3.hh:23[m[K,
                 from [01m[K/usr/lib/x86_64-linux-gnu/pkgconfig/../../../include/ignition/math6/gz/math.hh:27[m[K,
                 from [01m[K/usr/lib/x86_64-linux-gnu/pkgconfig/../../../include/ignition/math6/ignition/math.hh:18[m[K,
                 from [01m[K/usr/include/sdformat-9.8/sdf/Param.hh:33[m[K,
                 from [01m[K/usr/include/sdformat-9.8/sdf/Element.hh:28[m[K,
                 from [01m[K/usr/include/sdformat-9.8/sdf/Actor.hh:25[m[K,
                 from [01m[K/usr/include/sdformat-9.8/sdf/sdf.hh:2[m[K,
                 from [01m[K/usr/lib/x86_64-linux-gnu/pkgconfig/../../../include/gazebo-11/gazebo/msgs/msgs.hh:22[m[K,
                 from [01m[K/usr/lib/x86_64-linux-gnu/pkgconfig/../../../include/gazebo-11/gazebo/transport/CallbackHelper.hh:29[m[K,
                 from [01m[K/usr/lib/x86_64-linux-gnu/pkgconfig/../../../include/gazebo-11/gazebo/transport/transport.hh:2[m[K,
                 from [01m[K/home/raj/jackal_ws/src/nav-competition-icra2022/jackal_helper/src/collision_publisher.cpp:5[m[K:
[01m[K/usr/lib/x86_64-linux-gnu/pkgconfig/../../../include/ignition/math6/gz/math/Region3.hh:192:29:[m[K [01;35m[Kwarning: [m[Kvariable templates only available with ‘[01m[K-std=c++14[m[K’ or ‘[01m[K-std=gnu++14[m[K’
  192 |        constexpr Region3<T> [01;35m[KgUnboundedRegion3[m[K(
      |                             [01;35m[K^~~~~~~~~~~~~~~~~[m[K
In file included from [01m[K/usr/lib/x86_64-linux-gnu/pkgconfig/../../../include/ignition/math6/gz/math/Box.hh:23[m[K,
                 from [01m[K/usr/lib/x86_64-linux-gnu/pkgconfig/../../../include/ignition/math6/gz/math.hh:30[m[K,
                 from [01m[K/usr/lib/x86_64-linux-gnu/pkgconfig/../../../include/ignition/math6/ignition/math.hh:18[m[K,
                 from [01m[K/usr/include/sdformat-9.8/sdf/Param.hh:33[m[K,
                 from [01m[K/usr/include/sdformat-9.8/sdf/Element.hh:28[m[K,
                 from [01m[K/usr/include/sdformat-9.8/sdf/Actor.hh:25[m[K,
                 from [01m[K/usr/include/sdformat-9.8/sdf/sdf.hh:2[m[K,
                 from [01m[K/usr/lib/x86_64-linux-gnu/pkgconfig/../../../include/gazebo-11/gazebo/msgs/msgs.hh:22[m[K,
                 from [01m[K/usr/lib/x86_64-linux-gnu/pkgconfig/../../../include/gazebo-11/gazebo/transport/CallbackHelper.hh:29[m[K,
                 from [01m[K/usr/lib/x86_64-linux-gnu/pkgconfig/../../../include/gazebo-11/gazebo/transport/transport.hh:2[m[K,
                 from [01m[K/home/raj/jackal_ws/src/nav-competition-icra2022/jackal_helper/src/collision_publisher.cpp:5[m[K:
[01m[K/usr/lib/x86_64-linux-gnu/pkgconfig/../../../include/ignition/math6/gz/math/Plane.hh:133:20:[m[K [01;31m[Kerror: [m[K‘[01m[Koptional[m[K’ in namespace ‘[01m[Kstd[m[K’ does not name a template type
  133 |       public: std::[01;31m[Koptional[m[K<Vector3<T>> Intersection(
      |                    [01;31m[K^~~~~~~~[m[K
[01m[K/usr/lib/x86_64-linux-gnu/pkgconfig/../../../include/ignition/math6/gz/math/Plane.hh:133:15:[m[K [01;36m[Knote: [m[K‘[01m[Kstd::optional[m[K’ is only available from C++17 onwards
  133 |       public: [01;36m[Kstd[m[K::optional<Vector3<T>> Intersection(
      |               [01;36m[K^~~[m[K
In file included from [01m[K/usr/lib/x86_64-linux-gnu/pkgconfig/../../../include/ignition/math6/gz/math.hh:30[m[K,
                 from [01m[K/usr/lib/x86_64-linux-gnu/pkgconfig/../../../include/ignition/math6/ignition/math.hh:18[m[K,
                 from [01m[K/usr/include/sdformat-9.8/sdf/Param.hh:33[m[K,
                 from [01m[K/usr/include/sdformat-9.8/sdf/Element.hh:28[m[K,
                 from [01m[K/usr/include/sdformat-9.8/sdf/Actor.hh:25[m[K,
                 from [01m[K/usr/include/sdformat-9.8/sdf/sdf.hh:2[m[K,
                 from [01m[K/usr/lib/x86_64-linux-gnu/pkgconfig/../../../include/gazebo-11/gazebo/msgs/msgs.hh:22[m[K,
                 from [01m[K/usr/lib/x86_64-linux-gnu/pkgconfig/../../../include/gazebo-11/gazebo/transport/CallbackHelper.hh:29[m[K,
                 from [01m[K/usr/lib/x86_64-linux-gnu/pkgconfig/../../../include/gazebo-11/gazebo/transport/transport.hh:2[m[K,
                 from [01m[K/home/raj/jackal_ws/src/nav-competition-icra2022/jackal_helper/src/collision_publisher.cpp:5[m[K:
[01m[K/usr/lib/x86_64-linux-gnu/pkgconfig/../../../include/ignition/math6/gz/math/Box.hh:151:20:[m[K [01;31m[Kerror: [m[K‘[01m[Koptional[m[K’ in namespace ‘[01m[Kstd[m[K’ does not name a template type
  151 |       public: std::[01;31m[Koptional[m[K<Vector3<Precision>>
      |                    [01;31m[K^~~~~~~~[m[K
[01m[K/usr/lib/x86_64-linux-gnu/pkgconfig/../../../include/ignition/math6/gz/math/Box.hh:151:15:[m[K [01;36m[Knote: [m[K‘[01m[Kstd::optional[m[K’ is only available from C++17 onwards
  151 |       public: [01;36m[Kstd[m[K::optional<Vector3<Precision>>
      |               [01;36m[K^~~[m[K
In file included from [01m[K/usr/lib/x86_64-linux-gnu/pkgconfig/../../../include/ignition/math6/gz/math/Box.hh:224[m[K,
                 from [01m[K/usr/lib/x86_64-linux-gnu/pkgconfig/../../../include/ignition/math6/gz/math.hh:30[m[K,
                 from [01m[K/usr/lib/x86_64-linux-gnu/pkgconfig/../../../include/ignition/math6/ignition/math.hh:18[m[K,
                 from [01m[K/usr/include/sdformat-9.8/sdf/Param.hh:33[m[K,
                 from [01m[K/usr/include/sdformat-9.8/sdf/Element.hh:28[m[K,
                 from [01m[K/usr/include/sdformat-9.8/sdf/Actor.hh:25[m[K,
                 from [01m[K/usr/include/sdformat-9.8/sdf/sdf.hh:2[m[K,
                 from [01m[K/usr/lib/x86_64-linux-gnu/pkgconfig/../../../include/gazebo-11/gazebo/msgs/msgs.hh:22[m[K,
                 from [01m[K/usr/lib/x86_64-linux-gnu/pkgconfig/../../../include/gazebo-11/gazebo/transport/CallbackHelper.hh:29[m[K,
                 from [01m[K/usr/lib/x86_64-linux-gnu/pkgconfig/../../../include/gazebo-11/gazebo/transport/transport.hh:2[m[K,
                 from [01m[K/home/raj/jackal_ws/src/nav-competition-icra2022/jackal_helper/src/collision_publisher.cpp:5[m[K:
[01m[K/usr/lib/x86_64-linux-gnu/pkgconfig/../../../include/ignition/math6/gz/math/detail/Box.hh:237:6:[m[K [01;31m[Kerror: [m[K‘[01m[Koptional[m[K’ in namespace ‘[01m[Kstd[m[K’ does not name a template type
  237 | std::[01;31m[Koptional[m[K<Vector3<T>>
      |      [01;31m[K^~~~~~~~[m[K
[01m[K/usr/lib/x86_64-linux-gnu/pkgconfig/../../../include/ignition/math6/gz/math/detail/Box.hh:237:1:[m[K [01;36m[Knote: [m[K‘[01m[Kstd::optional[m[K’ is only available from C++17 onwards
  237 | [01;36m[Kstd[m[K::optional<Vector3<T>>
      | [01;36m[K^~~[m[K
In file included from [01m[K/usr/lib/x86_64-linux-gnu/pkgconfig/../../../include/ignition/math6/gz/math.hh:31[m[K,
                 from [01m[K/usr/lib/x86_64-linux-gnu/pkgconfig/../../../include/ignition/math6/ignition/math.hh:18[m[K,
                 from [01m[K/usr/include/sdformat-9.8/sdf/Param.hh:33[m[K,
                 from [01m[K/usr/include/sdformat-9.8/sdf/Element.hh:28[m[K,
                 from [01m[K/usr/include/sdformat-9.8/sdf/Actor.hh:25[m[K,
                 from [01m[K/usr/include/sdformat-9.8/sdf/sdf.hh:2[m[K,
                 from [01m[K/usr/lib/x86_64-linux-gnu/pkgconfig/../../../include/gazebo-11/gazebo/msgs/msgs.hh:22[m[K,
                 from [01m[K/usr/lib/x86_64-linux-gnu/pkgconfig/../../../include/gazebo-11/gazebo/transport/CallbackHelper.hh:29[m[K,
                 from [01m[K/usr/lib/x86_64-linux-gnu/pkgconfig/../../../include/gazebo-11/gazebo/transport/transport.hh:2[m[K,
                 from [01m[K/home/raj/jackal_ws/src/nav-competition-icra2022/jackal_helper/src/collision_publisher.cpp:5[m[K:
[01m[K/usr/lib/x86_64-linux-gnu/pkgconfig/../../../include/ignition/math6/gz/math/Capsule.hh:91:20:[m[K [01;31m[Kerror: [m[K‘[01m[Koptional[m[K’ in namespace ‘[01m[Kstd[m[K’ does not name a template type
   91 |       public: std::[01;31m[Koptional[m[K< MassMatrix3<Precision> > MassMatrix() const;
      |                    [01;31m[K^~~~~~~~[m[K
[01m[K/usr/lib/x86_64-linux-gnu/pkgconfig/../../../include/ignition/math6/gz/math/Capsule.hh:91:15:[m[K [01;36m[Knote: [m[K‘[01m[Kstd::optional[m[K’ is only available from C++17 onwards
   91 |       public: [01;36m[Kstd[m[K::optional< MassMatrix3<Precision> > MassMatrix() const;
      |               [01;36m[K^~~[m[K
In file included from [01m[K/usr/lib/x86_64-linux-gnu/pkgconfig/../../../include/ignition/math6/gz/math/Capsule.hh:149[m[K,
                 from [01m[K/usr/lib/x86_64-linux-gnu/pkgconfig/../../../include/ignition/math6/gz/math.hh:31[m[K,
                 from [01m[K/usr/lib/x86_64-linux-gnu/pkgconfig/../../../include/ignition/math6/ignition/math.hh:18[m[K,
                 from [01m[K/usr/include/sdformat-9.8/sdf/Param.hh:33[m[K,
                 from [01m[K/usr/include/sdformat-9.8/sdf/Element.hh:28[m[K,
                 from [01m[K/usr/include/sdformat-9.8/sdf/Actor.hh:25[m[K,
                 from [01m[K/usr/include/sdformat-9.8/sdf/sdf.hh:2[m[K,
                 from [01m[K/usr/lib/x86_64-linux-gnu/pkgconfig/../../../include/gazebo-11/gazebo/msgs/msgs.hh:22[m[K,
                 from [01m[K/usr/lib/x86_64-linux-gnu/pkgconfig/../../../include/gazebo-11/gazebo/transport/CallbackHelper.hh:29[m[K,
                 from [01m[K/usr/lib/x86_64-linux-gnu/pkgconfig/../../../include/gazebo-11/gazebo/transport/transport.hh:2[m[K,
                 from [01m[K/home/raj/jackal_ws/src/nav-competition-icra2022/jackal_helper/src/collision_publisher.cpp:5[m[K:
[01m[K/usr/lib/x86_64-linux-gnu/pkgconfig/../../../include/ignition/math6/gz/math/detail/Capsule.hh:100:6:[m[K [01;31m[Kerror: [m[K‘[01m[Koptional[m[K’ in namespace ‘[01m[Kstd[m[K’ does not name a template type
  100 | std::[01;31m[Koptional[m[K< MassMatrix3<T> > Capsule<T>::MassMatrix() const
      |      [01;31m[K^~~~~~~~[m[K
[01m[K/usr/lib/x86_64-linux-gnu/pkgconfig/../../../include/ignition/math6/gz/math/detail/Capsule.hh:100:1:[m[K [01;36m[Knote: [m[K‘[01m[Kstd::optional[m[K’ is only available from C++17 onwards
  100 | [01;36m[Kstd[m[K::optional< MassMatrix3<T> > Capsule<T>::MassMatrix() const
      | [01;36m[K^~~[m[K
In file included from [01m[K/usr/lib/x86_64-linux-gnu/pkgconfig/../../../include/ignition/math6/gz/math.hh:35[m[K,
                 from [01m[K/usr/lib/x86_64-linux-gnu/pkgconfig/../../../include/ignition/math6/ignition/math.hh:18[m[K,
                 from [01m[K/usr/include/sdformat-9.8/sdf/Param.hh:33[m[K,
                 from [01m[K/usr/include/sdformat-9.8/sdf/Element.hh:28[m[K,
                 from [01m[K/usr/include/sdformat-9.8/sdf/Actor.hh:25[m[K,
                 from [01m[K/usr/include/sdformat-9.8/sdf/sdf.hh:2[m[K,
                 from [01m[K/usr/lib/x86_64-linux-gnu/pkgconfig/../../../include/gazebo-11/gazebo/msgs/msgs.hh:22[m[K,
                 from [01m[K/usr/lib/x86_64-linux-gnu/pkgconfig/../../../include/gazebo-11/gazebo/transport/CallbackHelper.hh:29[m[K,
                 from [01m[K/usr/lib/x86_64-linux-gnu/pkgconfig/../../../include/gazebo-11/gazebo/transport/transport.hh:2[m[K,
                 from [01m[K/home/raj/jackal_ws/src/nav-competition-icra2022/jackal_helper/src/collision_publisher.cpp:5[m[K:
[01m[K/usr/lib/x86_64-linux-gnu/pkgconfig/../../../include/ignition/math6/gz/math/Ellipsoid.hh:77:20:[m[K [01;31m[Kerror: [m[K‘[01m[Koptional[m[K’ in namespace ‘[01m[Kstd[m[K’ does not name a template type
   77 |       public: std::[01;31m[Koptional[m[K< MassMatrix3<Precision> > MassMatrix() const;
      |                    [01;31m[K^~~~~~~~[m[K
[01m[K/usr/lib/x86_64-linux-gnu/pkgconfig/../../../include/ignition/math6/gz/math/Ellipsoid.hh:77:15:[m[K [01;36m[Knote: [m[K‘[01m[Kstd::optional[m[K’ is only available from C++17 onwards
   77 |       public: [01;36m[Kstd[m[K::optional< MassMatrix3<Precision> > MassMatrix() const;
      |               [01;36m[K^~~[m[K
In file included from [01m[K/usr/lib/x86_64-linux-gnu/pkgconfig/../../../include/ignition/math6/gz/math/Ellipsoid.hh:132[m[K,
                 from [01m[K/usr/lib/x86_64-linux-gnu/pkgconfig/../../../include/ignition/math6/gz/math.hh:35[m[K,
                 from [01m[K/usr/lib/x86_64-linux-gnu/pkgconfig/../../../include/ignition/math6/ignition/math.hh:18[m[K,
                 from [01m[K/usr/include/sdformat-9.8/sdf/Param.hh:33[m[K,
                 from [01m[K/usr/include/sdformat-9.8/sdf/Element.hh:28[m[K,
                 from [01m[K/usr/include/sdformat-9.8/sdf/Actor.hh:25[m[K,
                 from [01m[K/usr/include/sdformat-9.8/sdf/sdf.hh:2[m[K,
                 from [01m[K/usr/lib/x86_64-linux-gnu/pkgconfig/../../../include/gazebo-11/gazebo/msgs/msgs.hh:22[m[K,
                 from [01m[K/usr/lib/x86_64-linux-gnu/pkgconfig/../../../include/gazebo-11/gazebo/transport/CallbackHelper.hh:29[m[K,
                 from [01m[K/usr/lib/x86_64-linux-gnu/pkgconfig/../../../include/gazebo-11/gazebo/transport/transport.hh:2[m[K,
                 from [01m[K/home/raj/jackal_ws/src/nav-competition-icra2022/jackal_helper/src/collision_publisher.cpp:5[m[K:
[01m[K/usr/lib/x86_64-linux-gnu/pkgconfig/../../../include/ignition/math6/gz/math/detail/Ellipsoid.hh:77:6:[m[K [01;31m[Kerror: [m[K‘[01m[Koptional[m[K’ in namespace ‘[01m[Kstd[m[K’ does not name a template type
   77 | std::[01;31m[Koptional[m[K< MassMatrix3<T> > Ellipsoid<T>::MassMatrix() const
      |      [01;31m[K^~~~~~~~[m[K
[01m[K/usr/lib/x86_64-linux-gnu/pkgconfig/../../../include/ignition/math6/gz/math/detail/Ellipsoid.hh:77:1:[m[K [01;36m[Knote: [m[K‘[01m[Kstd::optional[m[K’ is only available from C++17 onwards
   77 | [01;36m[Kstd[m[K::optional< MassMatrix3<T> > Ellipsoid<T>::MassMatrix() const
      | [01;36m[K^~~[m[K
In file included from [01m[K/usr/lib/x86_64-linux-gnu/pkgconfig/../../../include/ignition/math6/gz/math.hh:50[m[K,
                 from [01m[K/usr/lib/x86_64-linux-gnu/pkgconfig/../../../include/ignition/math6/ignition/math.hh:18[m[K,
                 from [01m[K/usr/include/sdformat-9.8/sdf/Param.hh:33[m[K,
                 from [01m[K/usr/include/sdformat-9.8/sdf/Element.hh:28[m[K,
                 from [01m[K/usr/include/sdformat-9.8/sdf/Actor.hh:25[m[K,
                 from [01m[K/usr/include/sdformat-9.8/sdf/sdf.hh:2[m[K,
                 from [01m[K/usr/lib/x86_64-linux-gnu/pkgconfig/../../../include/gazebo-11/gazebo/msgs/msgs.hh:22[m[K,
                 from [01m[K/usr/lib/x86_64-linux-gnu/pkgconfig/../../../include/gazebo-11/gazebo/transport/CallbackHelper.hh:29[m[K,
                 from [01m[K/usr/lib/x86_64-linux-gnu/pkgconfig/../../../include/gazebo-11/gazebo/transport/transport.hh:2[m[K,
                 from [01m[K/home/raj/jackal_ws/src/nav-competition-icra2022/jackal_helper/src/collision_publisher.cpp:5[m[K:
[01m[K/usr/lib/x86_64-linux-gnu/pkgconfig/../../../include/ignition/math6/gz/math/Matrix6.hh:562:28:[m[K [01;35m[Kwarning: [m[Kvariable templates only available with ‘[01m[K-std=c++14[m[K’ or ‘[01m[K-std=gnu++14[m[K’
  562 |       constexpr Matrix6<T> [01;35m[KgMatrix6Identity[m[K(
      |                            [01;35m[K^~~~~~~~~~~~~~~~[m[K
[01m[K/usr/lib/x86_64-linux-gnu/pkgconfig/../../../include/ignition/math6/gz/math/Matrix6.hh:571:28:[m[K [01;35m[Kwarning: [m[Kvariable templates only available with ‘[01m[K-std=c++14[m[K’ or ‘[01m[K-std=gnu++14[m[K’
  571 |       constexpr Matrix6<T> [01;35m[KgMatrix6Zero[m[K(
      |                            [01;35m[K^~~~~~~~~~~~[m[K
In file included from [01m[K/usr/lib/x86_64-linux-gnu/pkgconfig/../../../include/ignition/math6/gz/math.hh:56[m[K,
                 from [01m[K/usr/lib/x86_64-linux-gnu/pkgconfig/../../../include/ignition/math6/ignition/math.hh:18[m[K,
                 from [01m[K/usr/include/sdformat-9.8/sdf/Param.hh:33[m[K,
                 from [01m[K/usr/include/sdformat-9.8/sdf/Element.hh:28[m[K,
                 from [01m[K/usr/include/sdformat-9.8/sdf/Actor.hh:25[m[K,
                 from [01m[K/usr/include/sdformat-9.8/sdf/sdf.hh:2[m[K,
                 from [01m[K/usr/lib/x86_64-linux-gnu/pkgconfig/../../../include/gazebo-11/gazebo/msgs/msgs.hh:22[m[K,
                 from [01m[K/usr/lib/x86_64-linux-gnu/pkgconfig/../../../include/gazebo-11/gazebo/transport/CallbackHelper.hh:29[m[K,
                 from [01m[K/usr/lib/x86_64-linux-gnu/pkgconfig/../../../include/gazebo-11/gazebo/transport/transport.hh:2[m[K,
                 from [01m[K/home/raj/jackal_ws/src/nav-competition-icra2022/jackal_helper/src/collision_publisher.cpp:5[m[K:
[01m[K/usr/lib/x86_64-linux-gnu/pkgconfig/../../../include/ignition/math6/gz/math/Polynomial3.hh:[m[K In member function ‘[01m[KT ignition::math::v6::Polynomial3<T>::Evaluate(const T&) const[m[K’:
[01m[K/usr/lib/x86_64-linux-gnu/pkgconfig/../../../include/ignition/math6/gz/math/Polynomial3.hh:74:25:[m[K [01;35m[Kwarning: [m[Kcomma-separated list in using-declaration only available with ‘[01m[K-std=c++17[m[K’ or ‘[01m[K-std=gnu++17[m[K’
   74 |         using std::isnan[01;35m[K,[m[K std::isfinite;
      |                         [01;35m[K^[m[K
[01m[K/usr/lib/x86_64-linux-gnu/pkgconfig/../../../include/ignition/math6/gz/math/Polynomial3.hh:81:25:[m[K [01;35m[Kwarning: [m[Kcomma-separated list in using-declaration only available with ‘[01m[K-std=c++17[m[K’ or ‘[01m[K-std=gnu++17[m[K’
   81 |           using std::abs[01;35m[K,[m[K std::copysign;
      |                         [01;35m[K^[m[K
[01m[K/usr/lib/x86_64-linux-gnu/pkgconfig/../../../include/ignition/math6/gz/math/Polynomial3.hh:[m[K In member function ‘[01m[KT ignition::math::v6::Polynomial3<T>::Minimum(const ignition::math::v6::Interval<T>&, T&) const[m[K’:
[01m[K/usr/lib/x86_64-linux-gnu/pkgconfig/../../../include/ignition/math6/gz/math/Polynomial3.hh:141:23:[m[K [01;35m[Kwarning: [m[Kcomma-separated list in using-declaration only available with ‘[01m[K-std=c++17[m[K’ or ‘[01m[K-std=gnu++17[m[K’
  141 |         using std::abs[01;35m[K,[m[K std::sqrt;  // enable ADL
      |                       [01;35m[K^[m[K
In file included from [01m[K/usr/lib/x86_64-linux-gnu/pkgconfig/../../../include/ignition/math6/gz/math.hh:66[m[K,
                 from [01m[K/usr/lib/x86_64-linux-gnu/pkgconfig/../../../include/ignition/math6/ignition/math.hh:18[m[K,
                 from [01m[K/usr/include/sdformat-9.8/sdf/Param.hh:33[m[K,
                 from [01m[K/usr/include/sdformat-9.8/sdf/Element.hh:28[m[K,
                 from [01m[K/usr/include/sdformat-9.8/sdf/Actor.hh:25[m[K,
                 from [01m[K/usr/include/sdformat-9.8/sdf/sdf.hh:2[m[K,
                 from [01m[K/usr/lib/x86_64-linux-gnu/pkgconfig/../../../include/gazebo-11/gazebo/msgs/msgs.hh:22[m[K,
                 from [01m[K/usr/lib/x86_64-linux-gnu/pkgconfig/../../../include/gazebo-11/gazebo/transport/CallbackHelper.hh:29[m[K,
                 from [01m[K/usr/lib/x86_64-linux-gnu/pkgconfig/../../../include/gazebo-11/gazebo/transport/transport.hh:2[m[K,
                 from [01m[K/home/raj/jackal_ws/src/nav-competition-icra2022/jackal_helper/src/collision_publisher.cpp:5[m[K:
[01m[K/usr/lib/x86_64-linux-gnu/pkgconfig/../../../include/ignition/math6/gz/math/Sphere.hh:[m[K At global scope:
[01m[K/usr/lib/x86_64-linux-gnu/pkgconfig/../../../include/ignition/math6/gz/math/Sphere.hh:109:20:[m[K [01;31m[Kerror: [m[K‘[01m[Koptional[m[K’ in namespace ‘[01m[Kstd[m[K’ does not name a template type
  109 |       public: std::[01;31m[Koptional[m[K<Vector3<Precision>>
      |                    [01;31m[K^~~~~~~~[m[K
[01m[K/usr/lib/x86_64-linux-gnu/pkgconfig/../../../include/ignition/math6/gz/math/Sphere.hh:109:15:[m[K [01;36m[Knote: [m[K‘[01m[Kstd::optional[m[K’ is only available from C++17 onwards
  109 |       public: [01;36m[Kstd[m[K::optional<Vector3<Precision>>
      |               [01;36m[K^~~[m[K
In file included from [01m[K/usr/lib/x86_64-linux-gnu/pkgconfig/../../../include/ignition/math6/gz/math/Sphere.hh:157[m[K,
                 from [01m[K/usr/lib/x86_64-linux-gnu/pkgconfig/../../../include/ignition/math6/gz/math.hh:66[m[K,
                 from [01m[K/usr/lib/x86_64-linux-gnu/pkgconfig/../../../include/ignition/math6/ignition/math.hh:18[m[K,
                 from [01m[K/usr/include/sdformat-9.8/sdf/Param.hh:33[m[K,
                 from [01m[K/usr/include/sdformat-9.8/sdf/Element.hh:28[m[K,
                 from [01m[K/usr/include/sdformat-9.8/sdf/Actor.hh:25[m[K,
                 from [01m[K/usr/include/sdformat-9.8/sdf/sdf.hh:2[m[K,
                 from [01m[K/usr/lib/x86_64-linux-gnu/pkgconfig/../../../include/gazebo-11/gazebo/msgs/msgs.hh:22[m[K,
                 from [01m[K/usr/lib/x86_64-linux-gnu/pkgconfig/../../../include/gazebo-11/gazebo/transport/CallbackHelper.hh:29[m[K,
                 from [01m[K/usr/lib/x86_64-linux-gnu/pkgconfig/../../../include/gazebo-11/gazebo/transport/transport.hh:2[m[K,
                 from [01m[K/home/raj/jackal_ws/src/nav-competition-icra2022/jackal_helper/src/collision_publisher.cpp:5[m[K:
[01m[K/usr/lib/x86_64-linux-gnu/pkgconfig/../../../include/ignition/math6/gz/math/detail/Sphere.hh:123:6:[m[K [01;31m[Kerror: [m[K‘[01m[Koptional[m[K’ in namespace ‘[01m[Kstd[m[K’ does not name a template type
  123 | std::[01;31m[Koptional[m[K<Vector3<T>>
      |      [01;31m[K^~~~~~~~[m[K
[01m[K/usr/lib/x86_64-linux-gnu/pkgconfig/../../../include/ignition/math6/gz/math/detail/Sphere.hh:123:1:[m[K [01;36m[Knote: [m[K‘[01m[Kstd::optional[m[K’ is only available from C++17 onwards
  123 | [01;36m[Kstd[m[K::optional<Vector3<T>>
      | [01;36m[K^~~[m[K
In file included from [01m[K/usr/include/sdformat-9.8/sdf/Element.hh:28[m[K,
                 from [01m[K/usr/include/sdformat-9.8/sdf/Actor.hh:25[m[K,
                 from [01m[K/usr/include/sdformat-9.8/sdf/sdf.hh:2[m[K,
                 from [01m[K/usr/lib/x86_64-linux-gnu/pkgconfig/../../../include/gazebo-11/gazebo/msgs/msgs.hh:22[m[K,
                 from [01m[K/usr/lib/x86_64-linux-gnu/pkgconfig/../../../include/gazebo-11/gazebo/transport/CallbackHelper.hh:29[m[K,
                 from [01m[K/usr/lib/x86_64-linux-gnu/pkgconfig/../../../include/gazebo-11/gazebo/transport/transport.hh:2[m[K,
                 from [01m[K/home/raj/jackal_ws/src/nav-competition-icra2022/jackal_helper/src/collision_publisher.cpp:5[m[K:
[01m[K/usr/include/sdformat-9.8/sdf/Param.hh:72:57:[m[K [01;31m[Kerror: [m[Kexpected constructor, destructor, or type conversion before ‘[01m[K;[m[K’ token
   72 |   template<class T> ParamStreamer(T) -> ParamStreamer<T>[01;31m[K;[m[K
      |                                                         [01;31m[K^[m[K
[01m[K/usr/include/sdformat-9.8/sdf/Param.hh:83:47:[m[K [01;31m[Kerror: [m[K‘[01m[Kvariant[m[K’ is not a member of ‘[01m[Kstd[m[K’
   83 |                            ParamStreamer<std::[01;31m[Kvariant[m[K<Ts...>> sv)
      |                                               [01;31m[K^~~~~~~[m[K
[01m[K/usr/include/sdformat-9.8/sdf/Param.hh:83:47:[m[K [01;36m[Knote: [m[K‘[01m[Kstd::variant[m[K’ is only available from C++17 onwards
[01m[K/usr/include/sdformat-9.8/sdf/Param.hh:83:47:[m[K [01;31m[Kerror: [m[K‘[01m[Kvariant[m[K’ is not a member of ‘[01m[Kstd[m[K’
[01m[K/usr/include/sdformat-9.8/sdf/Param.hh:83:47:[m[K [01;36m[Knote: [m[K‘[01m[Kstd::variant[m[K’ is only available from C++17 onwards
[01m[K/usr/include/sdformat-9.8/sdf/Param.hh:83:57:[m[K [01;31m[Kerror: [m[Kexpected parameter pack before ‘[01m[K...[m[K’
   83 |                            ParamStreamer<std::variant<Ts[01;31m[K...[m[K>> sv)
      |                                                         [01;31m[K^~~[m[K
[01m[K/usr/include/sdformat-9.8/sdf/Param.hh:83:57:[m[K [01;31m[Kerror: [m[Ktemplate argument 1 is invalid
[01m[K/usr/include/sdformat-9.8/sdf/Param.hh:83:47:[m[K [01;31m[Kerror: [m[K‘[01m[Kvariant[m[K’ is not a member of ‘[01m[Kstd[m[K’
   83 |                            ParamStreamer<std::[01;31m[Kvariant[m[K<Ts...>> sv)
      |                                               [01;31m[K^~~~~~~[m[K
[01m[K/usr/include/sdformat-9.8/sdf/Param.hh:83:47:[m[K [01;36m[Knote: [m[K‘[01m[Kstd::variant[m[K’ is only available from C++17 onwards
[01m[K/usr/include/sdformat-9.8/sdf/Param.hh:83:47:[m[K [01;31m[Kerror: [m[K‘[01m[Kvariant[m[K’ is not a member of ‘[01m[Kstd[m[K’
[01m[K/usr/include/sdformat-9.8/sdf/Param.hh:83:47:[m[K [01;36m[Knote: [m[K‘[01m[Kstd::variant[m[K’ is only available from C++17 onwards
[01m[K/usr/include/sdformat-9.8/sdf/Param.hh:83:57:[m[K [01;31m[Kerror: [m[Kexpected parameter pack before ‘[01m[K...[m[K’
   83 |                            ParamStreamer<std::variant<Ts[01;31m[K...[m[K>> sv)
      |                                                         [01;31m[K^~~[m[K
[01m[K/usr/include/sdformat-9.8/sdf/Param.hh:83:60:[m[K [01;31m[Kerror: [m[Ktemplate argument 1 is invalid
   83 |                            ParamStreamer<std::variant<Ts...[01;31m[K>>[m[K sv)
      |                                                            [01;31m[K^~[m[K
[01m[K/usr/include/sdformat-9.8/sdf/Param.hh:83:47:[m[K [01;31m[Kerror: [m[K‘[01m[Kvariant[m[K’ is not a member of ‘[01m[Kstd[m[K’
   83 |                            ParamStreamer<std::[01;31m[Kvariant[m[K<Ts...>> sv)
      |                                               [01;31m[K^~~~~~~[m[K
[01m[K/usr/include/sdformat-9.8/sdf/Param.hh:83:47:[m[K [01;36m[Knote: [m[K‘[01m[Kstd::variant[m[K’ is only available from C++17 onwards
[01m[K/usr/include/sdformat-9.8/sdf/Param.hh:83:47:[m[K [01;31m[Kerror: [m[K‘[01m[Kvariant[m[K’ is not a member of ‘[01m[Kstd[m[K’
[01m[K/usr/include/sdformat-9.8/sdf/Param.hh:83:47:[m[K [01;36m[Knote: [m[K‘[01m[Kstd::variant[m[K’ is only available from C++17 onwards
[01m[K/usr/include/sdformat-9.8/sdf/Param.hh:83:57:[m[K [01;31m[Kerror: [m[Kexpected parameter pack before ‘[01m[K...[m[K’
   83 |                            ParamStreamer<std::variant<Ts[01;31m[K...[m[K>> sv)
      |                                                         [01;31m[K^~~[m[K
[01m[K/usr/include/sdformat-9.8/sdf/Param.hh:83:60:[m[K [01;31m[Kerror: [m[Ktemplate argument 1 is invalid
   83 |                            ParamStreamer<std::variant<Ts...[01;31m[K>>[m[K sv)
      |                                                            [01;31m[K^~[m[K
[01m[K/usr/include/sdformat-9.8/sdf/Param.hh:83:28:[m[K [01;31m[Kerror: [m[K‘[01m[KParamStreamer[m[K’ is not a type
   83 |                            [01;31m[KParamStreamer[m[K<std::variant<Ts...>> sv)
      |                            [01;31m[K^~~~~~~~~~~~~[m[K
[01m[K/usr/include/sdformat-9.8/sdf/Param.hh:83:41:[m[K [01;31m[Kerror: [m[Kexpected ‘[01m[K,[m[K’ or ‘[01m[K...[m[K’ before ‘[01m[K<[m[K’ token
   83 |                            ParamStreamer[01;31m[K<[m[Kstd::variant<Ts...>> sv)
      |                                         [01;31m[K^[m[K
[01m[K/usr/include/sdformat-9.8/sdf/Param.hh:[m[K In function ‘[01m[Kstd::ostream& sdf::v9::operator<<(std::ostream&, int)[m[K’:
[01m[K/usr/include/sdformat-9.8/sdf/Param.hh:85:10:[m[K [01;31m[Kerror: [m[K‘[01m[Kvisit[m[K’ is not a member of ‘[01m[Kstd[m[K’
   85 |     std::[01;31m[Kvisit[m[K([&os](auto const &v)
      |          [01;31m[K^~~~~[m[K
[01m[K/usr/include/sdformat-9.8/sdf/Param.hh:85:10:[m[K [01;36m[Knote: [m[K‘[01m[Kstd::visit[m[K’ is only available from C++17 onwards
[01m[K/usr/include/sdformat-9.8/sdf/Param.hh:85:22:[m[K [01;31m[Kerror: [m[Kuse of ‘[01m[Kauto[m[K’ in lambda parameter declaration only available with ‘[01m[K-std=c++14[m[K’ or ‘[01m[K-std=gnu++14[m[K’
   85 |     std::visit([&os]([01;31m[Kauto[m[K const &v)
      |                      [01;31m[K^~~~[m[K
[01m[K/usr/include/sdformat-9.8/sdf/Param.hh:[m[K In lambda function:
[01m[K/usr/include/sdformat-9.8/sdf/Param.hh:87:28:[m[K [01;31m[Kerror: [m[Kmissing template arguments before ‘[01m[K{[m[K’ token
   87 |         os << ParamStreamer[01;31m[K{[m[Kv};
      |                            [01;31m[K^[m[K
[01m[K/usr/include/sdformat-9.8/sdf/Param.hh:[m[K In function ‘[01m[Kstd::ostream& sdf::v9::operator<<(std::ostream&, int)[m[K’:
[01m[K/usr/include/sdformat-9.8/sdf/Param.hh:88:10:[m[K [01;31m[Kerror: [m[K‘[01m[Ksv[m[K’ was not declared in this scope
   88 |       }, [01;31m[Ksv[m[K.val);
      |          [01;31m[K^~[m[K
[01m[K/usr/include/sdformat-9.8/sdf/Param.hh:[m[K At global scope:
[01m[K/usr/include/sdformat-9.8/sdf/Param.hh:173:30:[m[K [01;31m[Kerror: [m[K‘[01m[Kstd::any[m[K’ has not been declared
  173 |     public: bool GetAny(std::[01;31m[Kany[m[K &_anyVal) const;
      |                              [01;31m[K^~~[m[K
[01m[K/usr/include/sdformat-9.8/sdf/Param.hh:243:32:[m[K [01;31m[Kerror: [m[K‘[01m[Kany[m[K’ is not a member of ‘[01m[Kstd[m[K’
  243 |     public: std::function<std::[01;31m[Kany[m[K ()> updateFunc;
      |                                [01;31m[K^~~[m[K
[01m[K/usr/include/sdformat-9.8/sdf/Param.hh:243:32:[m[K [01;36m[Knote: [m[K‘[01m[Kstd::any[m[K’ is only available from C++17 onwards
[01m[K/usr/include/sdformat-9.8/sdf/Param.hh:243:32:[m[K [01;31m[Kerror: [m[K‘[01m[Kany[m[K’ is not a member of ‘[01m[Kstd[m[K’
[01m[K/usr/include/sdformat-9.8/sdf/Param.hh:243:32:[m[K [01;36m[Knote: [m[K‘[01m[Kstd::any[m[K’ is only available from C++17 onwards
[01m[K/usr/include/sdformat-9.8/sdf/Param.hh:243:38:[m[K [01;31m[Kerror: [m[Ktemplate argument 1 is invalid
  243 |     public: std::function<std::any ()[01;31m[K>[m[K updateFunc;
      |                                      [01;31m[K^[m[K
[01m[K/usr/include/sdformat-9.8/sdf/Param.hh:249:26:[m[K [01;31m[Kerror: [m[K‘[01m[Kvariant[m[K’ in namespace ‘[01m[Kstd[m[K’ does not name a template type
  249 |     public: typedef std::[01;31m[Kvariant[m[K<bool, char, std::string, int, std::uint64_t,
      |                          [01;31m[K^~~~~~~[m[K
[01m[K/usr/include/sdformat-9.8/sdf/Param.hh:249:21:[m[K [01;36m[Knote: [m[K‘[01m[Kstd::variant[m[K’ is only available from C++17 onwards
  249 |     public: typedef [01;36m[Kstd[m[K::variant<bool, char, std::string, int, std::uint64_t,
      |                     [01;36m[K^~~[m[K
[01m[K/usr/include/sdformat-9.8/sdf/Param.hh:260:13:[m[K [01;31m[Kerror: [m[K‘[01m[KParamVariant[m[K’ does not name a type
  260 |     public: [01;31m[KParamVariant[m[K value;
      |             [01;31m[K^~~~~~~~~~~~[m[K
[01m[K/usr/include/sdformat-9.8/sdf/Param.hh:263:13:[m[K [01;31m[Kerror: [m[K‘[01m[KParamVariant[m[K’ does not name a type
  263 |     public: [01;31m[KParamVariant[m[K defaultValue;
      |             [01;31m[K^~~~~~~~~~~~[m[K
[01m[K/usr/include/sdformat-9.8/sdf/Param.hh:273:37:[m[K [01;31m[Kerror: [m[K‘[01m[KParamVariant[m[K’ has not been declared
  273 |                                     [01;31m[KParamVariant[m[K &_valueToSet) const;
      |                                     [01;31m[K^~~~~~~~~~~~[m[K
[01m[K/usr/include/sdformat-9.8/sdf/Param.hh:[m[K In member function ‘[01m[Kstd::string sdf::v9::ParamPrivate::TypeToString() const[m[K’:
[01m[K/usr/include/sdformat-9.8/sdf/Param.hh:286:8:[m[K [01;35m[Kwarning: [m[K‘[01m[Kif constexpr[m[K’ only available with ‘[01m[K-std=c++17[m[K’ or ‘[01m[K-std=gnu++17[m[K’
  286 |     if [01;35m[Kconstexpr[m[K (std::is_same_v<T, bool>)
      |        [01;35m[K^~~~~~~~~[m[K
[01m[K/usr/include/sdformat-9.8/sdf/Param.hh:286:24:[m[K [01;31m[Kerror: [m[K‘[01m[Kis_same_v[m[K’ is not a member of ‘[01m[Kstd[m[K’; did you mean ‘[01m[Kis_same[m[K’?
  286 |     if constexpr (std::[01;31m[Kis_same_v[m[K<T, bool>)
      |                        [01;31m[K^~~~~~~~~[m[K
      |                        [32m[Kis_same[m[K
[01m[K/usr/include/sdformat-9.8/sdf/Param.hh:286:35:[m[K [01;31m[Kerror: [m[Kexpected primary-expression before ‘[01m[K,[m[K’ token
  286 |     if constexpr (std::is_same_v<T[01;31m[K,[m[K bool>)
      |                                   [01;31m[K^[m[K
[01m[K/usr/include/sdformat-9.8/sdf/Param.hh:286:37:[m[K [01;31m[Kerror: [m[Kexpected primary-expression before ‘[01m[Kbool[m[K’
  286 |     if constexpr (std::is_same_v<T, [01;31m[Kbool[m[K>)
      |                                     [01;31m[K^~~~[m[K
[01m[K/usr/include/sdformat-9.8/sdf/Param.hh:286:36:[m[K [01;31m[Kerror: [m[Kexpected ‘[01m[K)[m[K’ before ‘[01m[Kbool[m[K’
  286 |     if constexpr [34m[K([m[Kstd::is_same_v<T,[01;31m[K [m[K[32m[Kbool[m[K>)
      |                  [34m[K~[m[K                 [01;31m[K^[m[K[32m[K~~~~[m[K
      |                                    [32m[K)[m[K
[01m[K/usr/include/sdformat-9.8/sdf/Param.hh:288:13:[m[K [01;35m[Kwarning: [m[K‘[01m[Kif constexpr[m[K’ only available with ‘[01m[K-std=c++17[m[K’ or ‘[01m[K-std=gnu++17[m[K’
  288 |     else if [01;35m[Kconstexpr[m[K (std::is_same_v<T, char>)
      |             [01;35m[K^~~~~~~~~[m[K
[01m[K/usr/include/sdformat-9.8/sdf/Param.hh:288:29:[m[K [01;31m[Kerror: [m[K‘[01m[Kis_same_v[m[K’ is not a member of ‘[01m[Kstd[m[K’; did you mean ‘[01m[Kis_same[m[K’?
  288 |     else if constexpr (std::[01;31m[Kis_same_v[m[K<T, char>)
      |                             [01;31m[K^~~~~~~~~[m[K
      |                             [32m[Kis_same[m[K
[01m[K/usr/include/sdformat-9.8/sdf/Param.hh:288:40:[m[K [01;31m[Kerror: [m[Kexpected primary-expression before ‘[01m[K,[m[K’ token
  288 |     else if constexpr (std::is_same_v<T[01;31m[K,[m[K char>)
      |                                        [01;31m[K^[m[K
[01m[K/usr/include/sdformat-9.8/sdf/Param.hh:288:42:[m[K [01;31m[Kerror: [m[Kexpected primary-expression before ‘[01m[Kchar[m[K’
  288 |     else if constexpr (std::is_same_v<T, [01;31m[Kchar[m[K>)
      |                                          [01;31m[K^~~~[m[K
[01m[K/usr/include/sdformat-9.8/sdf/Param.hh:288:41:[m[K [01;31m[Kerror: [m[Kexpected ‘[01m[K)[m[K’ before ‘[01m[Kchar[m[K’
  288 |     else if constexpr [34m[K([m[Kstd::is_same_v<T,[01;31m[K [m[K[32m[Kchar[m[K>)
      |                       [34m[K~[m[K                 [01;31m[K^[m[K[32m[K~~~~[m[K
      |                                         [32m[K)[m[K
[01m[K/usr/include/sdformat-9.8/sdf/Param.hh:290:13:[m[K [01;35m[Kwarning: [m[K‘[01m[Kif constexpr[m[K’ only available with ‘[01m[K-std=c++17[m[K’ or ‘[01m[K-std=gnu++17[m[K’
  290 |     else if [01;35m[Kconstexpr[m[K (std::is_same_v<T, std::string>)
      |             [01;35m[K^~~~~~~~~[m[K
[01m[K/usr/include/sdformat-9.8/sdf/Param.hh:290:29:[m[K [01;31m[Kerror: [m[K‘[01m[Kis_same_v[m[K’ is not a member of ‘[01m[Kstd[m[K’; did you mean ‘[01m[Kis_same[m[K’?
  290 |     else if constexpr (std::[01;31m[Kis_same_v[m[K<T, std::string>)
      |                             [01;31m[K^~~~~~~~~[m[K
      |                             [32m[Kis_same[m[K
[01m[K/usr/include/sdformat-9.8/sdf/Param.hh:290:40:[m[K [01;31m[Kerror: [m[Kexpected primary-expression before ‘[01m[K,[m[K’ token
  290 |     else if constexpr (std::is_same_v<T[01;31m[K,[m[K std::string>)
      |                                        [01;31m[K^[m[K
[01m[K/usr/include/sdformat-9.8/sdf/Param.hh:290:53:[m[K [01;31m[Kerror: [m[Kexpected primary-expression before ‘[01m[K>[m[K’ token
  290 |     else if constexpr (std::is_same_v<T, std::string[01;31m[K>[m[K)
      |                                                     [01;31m[K^[m[K
[01m[K/usr/include/sdformat-9.8/sdf/Param.hh:290:54:[m[K [01;31m[Kerror: [m[Kexpected primary-expression before ‘[01m[K)[m[K’ token
  290 |     else if constexpr (std::is_same_v<T, std::string>[01;31m[K)[m[K
      |                                                      [01;31m[K^[m[K
[01m[K/usr/include/sdformat-9.8/sdf/Param.hh:292:13:[m[K [01;35m[Kwarning: [m[K‘[01m[Kif constexpr[m[K’ only available with ‘[01m[K-std=c++17[m[K’ or ‘[01m[K-std=gnu++17[m[K’
  292 |     else if [01;35m[Kconstexpr[m[K (std::is_same_v<T, int>)
      |             [01;35m[K^~~~~~~~~[m[K
[01m[K/usr/include/sdformat-9.8/sdf/Param.hh:292:29:[m[K [01;31m[Kerror: [m[K‘[01m[Kis_same_v[m[K’ is not a member of ‘[01m[Kstd[m[K’; did you mean ‘[01m[Kis_same[m[K’?
  292 |     else if constexpr (std::[01;31m[Kis_same_v[m[K<T, int>)
      |                             [01;31m[K^~~~~~~~~[m[K
      |                             [32m[Kis_same[m[K
[01m[K/usr/include/sdformat-9.8/sdf/Param.hh:292:40:[m[K [01;31m[Kerror: [m[Kexpected primary-expression before ‘[01m[K,[m[K’ token
  292 |     else if constexpr (std::is_same_v<T[01;31m[K,[m[K int>)
      |                                        [01;31m[K^[m[K
[01m[K/usr/include/sdformat-9.8/sdf/Param.hh:292:42:[m[K [01;31m[Kerror: [m[Kexpected primary-expression before ‘[01m[Kint[m[K’
  292 |     else if constexpr (std::is_same_v<T, [01;31m[Kint[m[K>)
      |                                          [01;31m[K^~~[m[K
[01m[K/usr/include/sdformat-9.8/sdf/Param.hh:292:41:[m[K [01;31m[Kerror: [m[Kexpected ‘[01m[K)[m[K’ before ‘[01m[Kint[m[K’
  292 |     else if constexpr [34m[K([m[Kstd::is_same_v<T,[01;31m[K [m[K[32m[Kint[m[K>)
      |                       [34m[K~[m[K                 [01;31m[K^[m[K[32m[K~~~[m[K
      |                                         [32m[K)[m[K
[01m[K/usr/include/sdformat-9.8/sdf/Param.hh:294:13:[m[K [01;35m[Kwarning: [m[K‘[01m[Kif constexpr[m[K’ only available with ‘[01m[K-std=c++17[m[K’ or ‘[01m[K-std=gnu++17[m[K’
  294 |     else if [01;35m[Kconstexpr[m[K (std::is_same_v<T, std::uint64_t>)
      |             [01;35m[K^~~~~~~~~[m[K
[01m[K/usr/include/sdformat-9.8/sdf/Param.hh:294:29:[m[K [01;31m[Kerror: [m[K‘[01m[Kis_same_v[m[K’ is not a member of ‘[01m[Kstd[m[K’; did you mean ‘[01m[Kis_same[m[K’?
  294 |     else if constexpr (std::[01;31m[Kis_same_v[m[K<T, std::uint64_t>)
      |                             [01;31m[K^~~~~~~~~[m[K
      |                             [32m[Kis_same[m[K
[01m[K/usr/include/sdformat-9.8/sdf/Param.hh:294:40:[m[K [01;31m[Kerror: [m[Kexpected primary-expression before ‘[01m[K,[m[K’ token
  294 |     else if constexpr (std::is_same_v<T[01;31m[K,[m[K std::uint64_t>)
      |                                        [01;31m[K^[m[K
[01m[K/usr/include/sdformat-9.8/sdf/Param.hh:294:55:[m[K [01;31m[Kerror: [m[Kexpected primary-expression before ‘[01m[K>[m[K’ token
  294 |     else if constexpr (std::is_same_v<T, std::uint64_t[01;31m[K>[m[K)
      |                                                       [01;31m[K^[m[K
[01m[K/usr/include/sdformat-9.8/sdf/Param.hh:294:56:[m[K [01;31m[Kerror: [m[Kexpected primary-expression before ‘[01m[K)[m[K’ token
  294 |     else if constexpr (std::is_same_v<T, std::uint64_t>[01;31m[K)[m[K
      |                                                        [01;31m[K^[m[K
[01m[K/usr/include/sdformat-9.8/sdf/Param.hh:296:13:[m[K [01;35m[Kwarning: [m[K‘[01m[Kif constexpr[m[K’ only available with ‘[01m[K-std=c++17[m[K’ or ‘[01m[K-std=gnu++17[m[K’
  296 |     else if [01;35m[Kconstexpr[m[K (std::is_same_v<T, unsigned int>)
      |             [01;35m[K^~~~~~~~~[m[K
[01m[K/usr/include/sdformat-9.8/sdf/Param.hh:296:29:[m[K [01;31m[Kerror: [m[K‘[01m[Kis_same_v[m[K’ is not a member of ‘[01m[Kstd[m[K’; did you mean ‘[01m[Kis_same[m[K’?
  296 |     else if constexpr (std::[01;31m[Kis_same_v[m[K<T, unsigned int>)
      |                             [01;31m[K^~~~~~~~~[m[K
      |                             [32m[Kis_same[m[K
[01m[K/usr/include/sdformat-9.8/sdf/Param.hh:296:40:[m[K [01;31m[Kerror: [m[Kexpected primary-expression before ‘[01m[K,[m[K’ token
  296 |     else if constexpr (std::is_same_v<T[01;31m[K,[m[K unsigned int>)
      |                                        [01;31m[K^[m[K
[01m[K/usr/include/sdformat-9.8/sdf/Param.hh:296:42:[m[K [01;31m[Kerror: [m[Kexpected primary-expression before ‘[01m[Kunsigned[m[K’
  296 |     else if constexpr (std::is_same_v<T, [01;31m[Kunsigned[m[K int>)
      |                                          [01;31m[K^~~~~~~~[m[K
[01m[K/usr/include/sdformat-9.8/sdf/Param.hh:296:41:[m[K [01;31m[Kerror: [m[Kexpected ‘[01m[K)[m[K’ before ‘[01m[Kunsigned[m[K’
  296 |     else if constexpr [34m[K([m[Kstd::is_same_v<T,[01;31m[K [m[K[32m[Kunsigned[m[K int>)
      |                       [34m[K~[m[K                 [01;31m[K^[m[K[32m[K~~~~~~~~[m[K
      |                                         [32m[K)[m[K
[01m[K/usr/include/sdformat-9.8/sdf/Param.hh:298:13:[m[K [01;35m[Kwarning: [m[K‘[01m[Kif constexpr[m[K’ only available with ‘[01m[K-std=c++17[m[K’ or ‘[01m[K-std=gnu++17[m[K’
  298 |     else if [01;35m[Kconstexpr[m[K (std::is_same_v<T, double>)
      |             [01;35m[K^~~~~~~~~[m[K
[01m[K/usr/include/sdformat-9.8/sdf/Param.hh:298:29:[m[K [01;31m[Kerror: [m[K‘[01m[Kis_same_v[m[K’ is not a member of ‘[01m[Kstd[m[K’; did you mean ‘[01m[Kis_same[m[K’?
  298 |     else if constexpr (std::[01;31m[Kis_same_v[m[K<T, double>)
      |                             [01;31m[K^~~~~~~~~[m[K
      |                             [32m[Kis_same[m[K
[01m[K/usr/include/sdformat-9.8/sdf/Param.hh:298:40:[m[K [01;31m[Kerror: [m[Kexpected primary-expression before ‘[01m[K,[m[K’ token
  298 |     else if constexpr (std::is_same_v<T[01;31m[K,[m[K double>)
      |                                        [01;31m[K^[m[K
[01m[K/usr/include/sdformat-9.8/sdf/Param.hh:298:42:[m[K [01;31m[Kerror: [m[Kexpected primary-expression before ‘[01m[Kdouble[m[K’
  298 |     else if constexpr (std::is_same_v<T, [01;31m[Kdouble[m[K>)
      |                                          [01;31m[K^~~~~~[m[K
[01m[K/usr/include/sdformat-9.8/sdf/Param.hh:298:41:[m[K [01;31m[Kerror: [m[Kexpected ‘[01m[K)[m[K’ before ‘[01m[Kdouble[m[K’
  298 |     else if constexpr [34m[K([m[Kstd::is_same_v<T,[01;31m[K [m[K[32m[Kdouble[m[K>)
      |                       [34m[K~[m[K                 [01;31m[K^[m[K[32m[K~~~~~~[m[K
      |                                         [32m[K)[m[K
[01m[K/usr/include/sdformat-9.8/sdf/Param.hh:300:13:[m[K [01;35m[Kwarning: [m[K‘[01m[Kif constexpr[m[K’ only available with ‘[01m[K-std=c++17[m[K’ or ‘[01m[K-std=gnu++17[m[K’
  300 |     else if [01;35m[Kconstexpr[m[K (std::is_same_v<T, float>)
      |             [01;35m[K^~~~~~~~~[m[K
[01m[K/usr/include/sdformat-9.8/sdf/Param.hh:300:29:[m[K [01;31m[Kerror: [m[K‘[01m[Kis_same_v[m[K’ is not a member of ‘[01m[Kstd[m[K’; did you mean ‘[01m[Kis_same[m[K’?
  300 |     else if constexpr (std::[01;31m[Kis_same_v[m[K<T, float>)
      |                             [01;31m[K^~~~~~~~~[m[K
      |                             [32m[Kis_same[m[K
[01m[K/usr/include/sdformat-9.8/sdf/Param.hh:300:40:[m[K [01;31m[Kerror: [m[Kexpected primary-expression before ‘[01m[K,[m[K’ token
  300 |     else if constexpr (std::is_same_v<T[01;31m[K,[m[K float>)
      |                                        [01;31m[K^[m[K
[01m[K/usr/include/sdformat-9.8/sdf/Param.hh:300:42:[m[K [01;31m[Kerror: [m[Kexpected primary-expression before ‘[01m[Kfloat[m[K’
  300 |     else if constexpr (std::is_same_v<T, [01;31m[Kfloat[m[K>)
      |                                          [01;31m[K^~~~~[m[K
[01m[K/usr/include/sdformat-9.8/sdf/Param.hh:300:41:[m[K [01;31m[Kerror: [m[Kexpected ‘[01m[K)[m[K’ before ‘[01m[Kfloat[m[K’
  300 |     else if constexpr [34m[K([m[Kstd::is_same_v<T,[01;31m[K [m[K[32m[Kfloat[m[K>)
      |                       [34m[K~[m[K                 [01;31m[K^[m[K[32m[K~~~~~[m[K
      |                                         [32m[K)[m[K
[01m[K/usr/include/sdformat-9.8/sdf/Param.hh:302:13:[m[K [01;35m[Kwarning: [m[K‘[01m[Kif constexpr[m[K’ only available with ‘[01m[K-std=c++17[m[K’ or ‘[01m[K-std=gnu++17[m[K’
  302 |     else if [01;35m[Kconstexpr[m[K (std::is_same_v<T, sdf::Time>)
      |             [01;35m[K^~~~~~~~~[m[K
[01m[K/usr/include/sdformat-9.8/sdf/Param.hh:302:29:[m[K [01;31m[Kerror: [m[K‘[01m[Kis_same_v[m[K’ is not a member of ‘[01m[Kstd[m[K’; did you mean ‘[01m[Kis_same[m[K’?
  302 |     else if constexpr (std::[01;31m[Kis_same_v[m[K<T, sdf::Time>)
      |                             [01;31m[K^~~~~~~~~[m[K
      |                             [32m[Kis_same[m[K
[01m[K/usr/include/sdformat-9.8/sdf/Param.hh:302:40:[m[K [01;31m[Kerror: [m[Kexpected primary-expression before ‘[01m[K,[m[K’ token
  302 |     else if constexpr (std::is_same_v<T[01;31m[K,[m[K sdf::Time>)
      |                                        [01;31m[K^[m[K
[01m[K/usr/include/sdformat-9.8/sdf/Param.hh:302:51:[m[K [01;31m[Kerror: [m[Kexpected primary-expression before ‘[01m[K>[m[K’ token
  302 |     else if constexpr (std::is_same_v<T, sdf::Time[01;31m[K>[m[K)
      |                                                   [01;31m[K^[m[K
[01m[K/usr/include/sdformat-9.8/sdf/Param.hh:302:52:[m[K [01;31m[Kerror: [m[Kexpected primary-expression before ‘[01m[K)[m[K’ token
  302 |     else if constexpr (std::is_same_v<T, sdf::Time>[01;31m[K)[m[K
      |                                                    [01;31m[K^[m[K
[01m[K/usr/include/sdformat-9.8/sdf/Param.hh:304:13:[m[K [01;35m[Kwarning: [m[K‘[01m[Kif constexpr[m[K’ only available with ‘[01m[K-std=c++17[m[K’ or ‘[01m[K-std=gnu++17[m[K’
  304 |     else if [01;35m[Kconstexpr[m[K (std::is_same_v<T, ignition::math::Angle>)
      |             [01;35m[K^~~~~~~~~[m[K
[01m[K/usr/include/sdformat-9.8/sdf/Param.hh:304:29:[m[K [01;31m[Kerror: [m[K‘[01m[Kis_same_v[m[K’ is not a member of ‘[01m[Kstd[m[K’; did you mean ‘[01m[Kis_same[m[K’?
  304 |     else if constexpr (std::[01;31m[Kis_same_v[m[K<T, ignition::math::Angle>)
      |                             [01;31m[K^~~~~~~~~[m[K
      |                             [32m[Kis_same[m[K
[01m[K/usr/include/sdformat-9.8/sdf/Param.hh:304:40:[m[K [01;31m[Kerror: [m[Kexpected primary-expression before ‘[01m[K,[m[K’ token
  304 |     else if constexpr (std::is_same_v<T[01;31m[K,[m[K ignition::math::Angle>)
      |                                        [01;31m[K^[m[K
[01m[K/usr/include/sdformat-9.8/sdf/Param.hh:304:63:[m[K [01;31m[Kerror: [m[Kexpected primary-expression before ‘[01m[K>[m[K’ token
  304 |     else if constexpr (std::is_same_v<T, ignition::math::Angle[01;31m[K>[m[K)
      |                                                               [01;31m[K^[m[K
[01m[K/usr/include/sdformat-9.8/sdf/Param.hh:304:64:[m[K [01;31m[Kerror: [m[Kexpected primary-expression before ‘[01m[K)[m[K’ token
  304 |     else if constexpr (std::is_same_v<T, ignition::math::Angle>[01;31m[K)[m[K
      |                                                                [01;31m[K^[m[K
[01m[K/usr/include/sdformat-9.8/sdf/Param.hh:306:13:[m[K [01;35m[Kwarning: [m[K‘[01m[Kif constexpr[m[K’ only available with ‘[01m[K-std=c++17[m[K’ or ‘[01m[K-std=gnu++17[m[K’
  306 |     else if [01;35m[Kconstexpr[m[K (std::is_same_v<T, ignition::math::Color>)
      |             [01;35m[K^~~~~~~~~[m[K
[01m[K/usr/include/sdformat-9.8/sdf/Param.hh:306:29:[m[K [01;31m[Kerror: [m[K‘[01m[Kis_same_v[m[K’ is not a member of ‘[01m[Kstd[m[K’; did you mean ‘[01m[Kis_same[m[K’?
  306 |     else if constexpr (std::[01;31m[Kis_same_v[m[K<T, ignition::math::Color>)
      |                             [01;31m[K^~~~~~~~~[m[K
      |                             [32m[Kis_same[m[K
[01m[K/usr/include/sdformat-9.8/sdf/Param.hh:306:40:[m[K [01;31m[Kerror: [m[Kexpected primary-expression before ‘[01m[K,[m[K’ token
  306 |     else if constexpr (std::is_same_v<T[01;31m[K,[m[K ignition::math::Color>)
      |                                        [01;31m[K^[m[K
[01m[K/usr/include/sdformat-9.8/sdf/Param.hh:306:63:[m[K [01;31m[Kerror: [m[Kexpected primary-expression before ‘[01m[K>[m[K’ token
  306 |     else if constexpr (std::is_same_v<T, ignition::math::Color[01;31m[K>[m[K)
      |                                                               [01;31m[K^[m[K
[01m[K/usr/include/sdformat-9.8/sdf/Param.hh:306:64:[m[K [01;31m[Kerror: [m[Kexpected primary-expression before ‘[01m[K)[m[K’ token
  306 |     else if constexpr (std::is_same_v<T, ignition::math::Color>[01;31m[K)[m[K
      |                                                                [01;31m[K^[m[K
[01m[K/usr/include/sdformat-9.8/sdf/Param.hh:308:13:[m[K [01;35m[Kwarning: [m[K‘[01m[Kif constexpr[m[K’ only available with ‘[01m[K-std=c++17[m[K’ or ‘[01m[K-std=gnu++17[m[K’
  308 |     else if [01;35m[Kconstexpr[m[K (std::is_same_v<T, ignition::math::Vector2i>)
      |             [01;35m[K^~~~~~~~~[m[K
[01m[K/usr/include/sdformat-9.8/sdf/Param.hh:308:29:[m[K [01;31m[Kerror: [m[K‘[01m[Kis_same_v[m[K’ is not a member of ‘[01m[Kstd[m[K’; did you mean ‘[01m[Kis_same[m[K’?
  308 |     else if constexpr (std::[01;31m[Kis_same_v[m[K<T, ignition::math::Vector2i>)
      |                             [01;31m[K^~~~~~~~~[m[K
      |                             [32m[Kis_same[m[K
[01m[K/usr/include/sdformat-9.8/sdf/Param.hh:308:40:[m[K [01;31m[Kerror: [m[Kexpected primary-expression before ‘[01m[K,[m[K’ token
  308 |     else if constexpr (std::is_same_v<T[01;31m[K,[m[K ignition::math::Vector2i>)
      |                                        [01;31m[K^[m[K
[01m[K/usr/include/sdformat-9.8/sdf/Param.hh:308:66:[m[K [01;31m[Kerror: [m[Kexpected primary-expression before ‘[01m[K>[m[K’ token
  308 |     else if constexpr (std::is_same_v<T, ignition::math::Vector2i[01;31m[K>[m[K)
      |                                                                  [01;31m[K^[m[K
[01m[K/usr/include/sdformat-9.8/sdf/Param.hh:308:67:[m[K [01;31m[Kerror: [m[Kexpected primary-expression before ‘[01m[K)[m[K’ token
  308 |     else if constexpr (std::is_same_v<T, ignition::math::Vector2i>[01;31m[K)[m[K
      |                                                                   [01;31m[K^[m[K
[01m[K/usr/include/sdformat-9.8/sdf/Param.hh:310:13:[m[K [01;35m[Kwarning: [m[K‘[01m[Kif constexpr[m[K’ only available with ‘[01m[K-std=c++17[m[K’ or ‘[01m[K-std=gnu++17[m[K’
  310 |     else if [01;35m[Kconstexpr[m[K (std::is_same_v<T, ignition::math::Vector2d>)
      |             [01;35m[K^~~~~~~~~[m[K
[01m[K/usr/include/sdformat-9.8/sdf/Param.hh:310:29:[m[K [01;31m[Kerror: [m[K‘[01m[Kis_same_v[m[K’ is not a member of ‘[01m[Kstd[m[K’; did you mean ‘[01m[Kis_same[m[K’?
  310 |     else if constexpr (std::[01;31m[Kis_same_v[m[K<T, ignition::math::Vector2d>)
      |                             [01;31m[K^~~~~~~~~[m[K
      |                             [32m[Kis_same[m[K
[01m[K/usr/include/sdformat-9.8/sdf/Param.hh:310:40:[m[K [01;31m[Kerror: [m[Kexpected primary-expression before ‘[01m[K,[m[K’ token
  310 |     else if constexpr (std::is_same_v<T[01;31m[K,[m[K ignition::math::Vector2d>)
      |                                        [01;31m[K^[m[K
[01m[K/usr/include/sdformat-9.8/sdf/Param.hh:310:66:[m[K [01;31m[Kerror: [m[Kexpected primary-expression before ‘[01m[K>[m[K’ token
  310 |     else if constexpr (std::is_same_v<T, ignition::math::Vector2d[01;31m[K>[m[K)
      |                                                                  [01;31m[K^[m[K
[01m[K/usr/include/sdformat-9.8/sdf/Param.hh:310:67:[m[K [01;31m[Kerror: [m[Kexpected primary-expression before ‘[01m[K)[m[K’ token
  310 |     else if constexpr (std::is_same_v<T, ignition::math::Vector2d>[01;31m[K)[m[K
      |                                                                   [01;31m[K^[m[K
[01m[K/usr/include/sdformat-9.8/sdf/Param.hh:312:13:[m[K [01;35m[Kwarning: [m[K‘[01m[Kif constexpr[m[K’ only available with ‘[01m[K-std=c++17[m[K’ or ‘[01m[K-std=gnu++17[m[K’
  312 |     else if [01;35m[Kconstexpr[m[K (std::is_same_v<T, ignition::math::Vector3d>)
      |             [01;35m[K^~~~~~~~~[m[K
[01m[K/usr/include/sdformat-9.8/sdf/Param.hh:312:29:[m[K [01;31m[Kerror: [m[K‘[01m[Kis_same_v[m[K’ is not a member of ‘[01m[Kstd[m[K’; did you mean ‘[01m[Kis_same[m[K’?
  312 |     else if constexpr (std::[01;31m[Kis_same_v[m[K<T, ignition::math::Vector3d>)
      |                             [01;31m[K^~~~~~~~~[m[K
      |                             [32m[Kis_same[m[K
[01m[K/usr/include/sdformat-9.8/sdf/Param.hh:312:40:[m[K [01;31m[Kerror: [m[Kexpected primary-expression before ‘[01m[K,[m[K’ token
  312 |     else if constexpr (std::is_same_v<T[01;31m[K,[m[K ignition::math::Vector3d>)
      |                                        [01;31m[K^[m[K
[01m[K/usr/include/sdformat-9.8/sdf/Param.hh:312:66:[m[K [01;31m[Kerror: [m[Kexpected primary-expression before ‘[01m[K>[m[K’ token
  312 |     else if constexpr (std::is_same_v<T, ignition::math::Vector3d[01;31m[K>[m[K)
      |                                                                  [01;31m[K^[m[K
[01m[K/usr/include/sdformat-9.8/sdf/Param.hh:312:67:[m[K [01;31m[Kerror: [m[Kexpected primary-expression before ‘[01m[K)[m[K’ token
  312 |     else if constexpr (std::is_same_v<T, ignition::math::Vector3d>[01;31m[K)[m[K
      |                                                                   [01;31m[K^[m[K
[01m[K/usr/include/sdformat-9.8/sdf/Param.hh:314:13:[m[K [01;35m[Kwarning: [m[K‘[01m[Kif constexpr[m[K’ only available with ‘[01m[K-std=c++17[m[K’ or ‘[01m[K-std=gnu++17[m[K’
  314 |     else if [01;35m[Kconstexpr[m[K (std::is_same_v<T, ignition::math::Quaterniond>)
      |             [01;35m[K^~~~~~~~~[m[K
[01m[K/usr/include/sdformat-9.8/sdf/Param.hh:314:29:[m[K [01;31m[Kerror: [m[K‘[01m[Kis_same_v[m[K’ is not a member of ‘[01m[Kstd[m[K’; did you mean ‘[01m[Kis_same[m[K’?
  314 |     else if constexpr (std::[01;31m[Kis_same_v[m[K<T, ignition::math::Quaterniond>)
      |                             [01;31m[K^~~~~~~~~[m[K
      |                             [32m[Kis_same[m[K
[01m[K/usr/include/sdformat-9.8/sdf/Param.hh:314:40:[m[K [01;31m[Kerror: [m[Kexpected primary-expression before ‘[01m[K,[m[K’ token
  314 |     else if constexpr (std::is_same_v<T[01;31m[K,[m[K ignition::math::Quaterniond>)
      |                                        [01;31m[K^[m[K
[01m[K/usr/include/sdformat-9.8/sdf/Param.hh:314:69:[m[K [01;31m[Kerror: [m[Kexpected primary-expression before ‘[01m[K>[m[K’ token
  314 |     else if constexpr (std::is_same_v<T, ignition::math::Quaterniond[01;31m[K>[m[K)
      |                                                                     [01;31m[K^[m[K
[01m[K/usr/include/sdformat-9.8/sdf/Param.hh:314:70:[m[K [01;31m[Kerror: [m[Kexpected primary-expression before ‘[01m[K)[m[K’ token
  314 |     else if constexpr (std::is_same_v<T, ignition::math::Quaterniond>[01;31m[K)[m[K
      |                                                                      [01;31m[K^[m[K
[01m[K/usr/include/sdformat-9.8/sdf/Param.hh:316:13:[m[K [01;35m[Kwarning: [m[K‘[01m[Kif constexpr[m[K’ only available with ‘[01m[K-std=c++17[m[K’ or ‘[01m[K-std=gnu++17[m[K’
  316 |     else if [01;35m[Kconstexpr[m[K (std::is_same_v<T, ignition::math::Pose3d>)
      |             [01;35m[K^~~~~~~~~[m[K
[01m[K/usr/include/sdformat-9.8/sdf/Param.hh:316:29:[m[K [01;31m[Kerror: [m[K‘[01m[Kis_same_v[m[K’ is not a member of ‘[01m[Kstd[m[K’; did you mean ‘[01m[Kis_same[m[K’?
  316 |     else if constexpr (std::[01;31m[Kis_same_v[m[K<T, ignition::math::Pose3d>)
      |                             [01;31m[K^~~~~~~~~[m[K
      |                             [32m[Kis_same[m[K
[01m[K/usr/include/sdformat-9.8/sdf/Param.hh:316:40:[m[K [01;31m[Kerror: [m[Kexpected primary-expression before ‘[01m[K,[m[K’ token
  316 |     else if constexpr (std::is_same_v<T[01;31m[K,[m[K ignition::math::Pose3d>)
      |                                        [01;31m[K^[m[K
[01m[K/usr/include/sdformat-9.8/sdf/Param.hh:316:64:[m[K [01;31m[Kerror: [m[Kexpected primary-expression before ‘[01m[K>[m[K’ token
  316 |     else if constexpr (std::is_same_v<T, ignition::math::Pose3d[01;31m[K>[m[K)
      |                                                                [01;31m[K^[m[K
[01m[K/usr/include/sdformat-9.8/sdf/Param.hh:316:65:[m[K [01;31m[Kerror: [m[Kexpected primary-expression before ‘[01m[K)[m[K’ token
  316 |     else if constexpr (std::is_same_v<T, ignition::math::Pose3d>[01;31m[K)[m[K
      |                                                                 [01;31m[K^[m[K
[01m[K/usr/include/sdformat-9.8/sdf/Param.hh:[m[K In member function ‘[01m[Kbool sdf::v9::Param::Get(T&) const[m[K’:
[01m[K/usr/include/sdformat-9.8/sdf/Param.hh:353:21:[m[K [01;31m[Kerror: [m[K‘[01m[Kget_if[m[K’ is not a member of ‘[01m[Kstd[m[K’; did you mean ‘[01m[Kget_time[m[K’?
  353 |     T *value = std::[01;31m[Kget_if[m[K<T>(&this->dataPtr->value);
      |                     [01;31m[K^~~~~~[m[K
      |                     [32m[Kget_time[m[K
[01m[K/usr/include/sdformat-9.8/sdf/Param.hh:353:29:[m[K [01;31m[Kerror: [m[Kexpected primary-expression before ‘[01m[K>[m[K’ token
  353 |     T *value = std::get_if<T[01;31m[K>[m[K(&this->dataPtr->value);
      |                             [01;31m[K^[m[K
[01m[K/usr/include/sdformat-9.8/sdf/Param.hh:353:47:[m[K [01;31m[Kerror: [m[K‘[01m[Kclass sdf::v9::ParamPrivate[m[K’ has no member named ‘[01m[Kvalue[m[K’
  353 |     T *value = std::get_if<T>(&this->dataPtr->[01;31m[Kvalue[m[K);
      |                                               [01;31m[K^~~~~[m[K
[01m[K/usr/include/sdformat-9.8/sdf/Param.hh:368:21:[m[K [01;31m[Kerror: [m[K‘[01m[KParamVariant[m[K’ is not a member of ‘[01m[Ksdf::v9::ParamPrivate[m[K’
  368 |       ParamPrivate::[01;31m[KParamVariant[m[K pv;
      |                     [01;31m[K^~~~~~~~~~~~[m[K
[01m[K/usr/include/sdformat-9.8/sdf/Param.hh:369:76:[m[K [01;31m[Kerror: [m[K‘[01m[Kpv[m[K’ was not declared in this scope
  369 |       bool success = this->dataPtr->ValueFromStringImpl(typeStr, valueStr, [01;31m[Kpv[m[K);
      |                                                                            [01;31m[K^~[m[K
[01m[K/usr/include/sdformat-9.8/sdf/Param.hh:[m[K In member function ‘[01m[Kbool sdf::v9::Param::GetDefault(T&) const[m[K’:
[01m[K/usr/include/sdformat-9.8/sdf/Param.hh:406:26:[m[K [01;31m[Kerror: [m[Kmissing template arguments before ‘[01m[K{[m[K’ token
  406 |       ss << ParamStreamer[01;31m[K{[m[Kthis->dataPtr->defaultValue};
      |                          [01;31m[K^[m[K
[01m[K/usr/include/sdformat-9.8/sdf/Param.hh:[m[K In member function ‘[01m[Kbool sdf::v9::Param::IsType() const[m[K’:
[01m[K/usr/include/sdformat-9.8/sdf/Param.hh:426:17:[m[K [01;31m[Kerror: [m[K‘[01m[Kholds_alternative[m[K’ is not a member of ‘[01m[Kstd[m[K’
  426 |     return std::[01;31m[Kholds_alternative[m[K<Type>(this->dataPtr->value);
      |                 [01;31m[K^~~~~~~~~~~~~~~~~[m[K
[01m[K/usr/include/sdformat-9.8/sdf/Param.hh:426:39:[m[K [01;31m[Kerror: [m[Kexpected primary-expression before ‘[01m[K>[m[K’ token
  426 |     return std::holds_alternative<Type[01;31m[K>[m[K(this->dataPtr->value);
      |                                       [01;31m[K^[m[K
[01m[K/usr/include/sdformat-9.8/sdf/Param.hh:426:56:[m[K [01;31m[Kerror: [m[K‘[01m[Kclass sdf::v9::ParamPrivate[m[K’ has no member named ‘[01m[Kvalue[m[K’
  426 |     return std::holds_alternative<Type>(this->dataPtr->[01;31m[Kvalue[m[K);
      |                                                        [01;31m[K^~~~~[m[K
In file included from [01m[K/usr/include/sdformat-9.8/sdf/Actor.hh:25[m[K,
                 from [01m[K/usr/include/sdformat-9.8/sdf/sdf.hh:2[m[K,
                 from [01m[K/usr/lib/x86_64-linux-gnu/pkgconfig/../../../include/gazebo-11/gazebo/msgs/msgs.hh:22[m[K,
                 from [01m[K/usr/lib/x86_64-linux-gnu/pkgconfig/../../../include/gazebo-11/gazebo/transport/CallbackHelper.hh:29[m[K,
                 from [01m[K/usr/lib/x86_64-linux-gnu/pkgconfig/../../../include/gazebo-11/gazebo/transport/transport.hh:2[m[K,
                 from [01m[K/home/raj/jackal_ws/src/nav-competition-icra2022/jackal_helper/src/collision_publisher.cpp:5[m[K:
[01m[K/usr/include/sdformat-9.8/sdf/Element.hh:[m[K At global scope:
[01m[K/usr/include/sdformat-9.8/sdf/Element.hh:279:18:[m[K [01;31m[Kerror: [m[K‘[01m[Kany[m[K’ in namespace ‘[01m[Kstd[m[K’ does not name a type
  279 |     public: std::[01;31m[Kany[m[K GetAny(const std::string &_key = "") const;
      |                  [01;31m[K^~~[m[K
[01m[K/usr/include/sdformat-9.8/sdf/Element.hh:279:13:[m[K [01;36m[Knote: [m[K‘[01m[Kstd::any[m[K’ is only available from C++17 onwards
  279 |     public: [01;36m[Kstd[m[K::any GetAny(const std::string &_key = "") const;
      |             [01;36m[K^~~[m[K
In file included from [01m[K/usr/lib/x86_64-linux-gnu/pkgconfig/../../../include/ignition/math6/gz/math/Quaternion.hh:20[m[K,
                 from [01m[K/usr/lib/x86_64-linux-gnu/pkgconfig/../../../include/ignition/math6/gz/math/Pose3.hh:20[m[K,
                 from [01m[K/usr/lib/x86_64-linux-gnu/pkgconfig/../../../include/ignition/math6/ignition/math/Pose3.hh:18[m[K,
                 from [01m[K/usr/include/sdformat-9.8/sdf/Actor.hh:23[m[K,
                 from [01m[K/usr/include/sdformat-9.8/sdf/sdf.hh:2[m[K,
                 from [01m[K/usr/lib/x86_64-linux-gnu/pkgconfig/../../../include/gazebo-11/gazebo/msgs/msgs.hh:22[m[K,
                 from [01m[K/usr/lib/x86_64-linux-gnu/pkgconfig/../../../include/gazebo-11/gazebo/transport/CallbackHelper.hh:29[m[K,
                 from [01m[K/usr/lib/x86_64-linux-gnu/pkgconfig/../../../include/gazebo-11/gazebo/transport/transport.hh:2[m[K,
                 from [01m[K/home/raj/jackal_ws/src/nav-competition-icra2022/jackal_helper/src/collision_publisher.cpp:5[m[K:
/usr/lib/x86_64-linux-gnu/pkgconfig/../../../include/ignition/math6/gz/math/Helpers.hh: In instantiation of ‘[01m[Kstd::tuple<_Tps ...> ignition::math::v6::breakDownDurations(DurationIn) [with Durations = {std::chrono::duration<long unsigned int, std::ratio<86400, 1> >, std::chrono::duration<long int, std::ratio<3600, 1> >, std::chrono::duration<long int, std::ratio<60, 1> >, std::chrono::duration<long int, std::ratio<1, 1> >, std::chrono::duration<long int, std::ratio<1, 1000> >}; DurationIn = std::chrono::duration<long int, std::ratio<1, 1000000000> >][m[K’:
[01m[K/usr/lib/x86_64-linux-gnu/pkgconfig/../../../include/ignition/math6/gz/math/Helpers.hh:854:57:[m[K   required from here
[01m[K/usr/lib/x86_64-linux-gnu/pkgconfig/../../../include/ignition/math6/gz/math/Helpers.hh:835:29:[m[K [01;31m[Kerror: [m[Kno matching function for call to ‘[01m[Kget<std::chrono::duration<long unsigned int, std::ratio<86400, 1> > >(std::tuple<std::chrono::duration<long unsigned int, std::ratio<86400, 1> >, std::chrono::duration<long int, std::ratio<3600, 1> >, std::chrono::duration<long int, std::ratio<60, 1> >, std::chrono::duration<long int, std::ratio<1, 1> >, std::chrono::duration<long int, std::ratio<1, 1000> > >&)[m[K’
  835 |         ([01;31m[Kstd::get<Durations>(retval)[m[K =
      |          [01;31m[K~~~~~~~~~~~~~~~~~~~^~~~~~~~[m[K
In file included from [01m[K/usr/include/c++/9/algorithm:60[m[K,
                 from [01m[K/usr/include/google/protobuf/stubs/common.h:38[m[K,
                 from [01m[K/usr/include/google/protobuf/arena_impl.h:39[m[K,
                 from [01m[K/usr/include/google/protobuf/arena.h:51[m[K,
                 from [01m[K/usr/include/google/protobuf/message.h:118[m[K,
                 from [01m[K/usr/lib/x86_64-linux-gnu/pkgconfig/../../../include/gazebo-11/gazebo/transport/CallbackHelper.hh:20[m[K,
                 from [01m[K/usr/lib/x86_64-linux-gnu/pkgconfig/../../../include/gazebo-11/gazebo/transport/transport.hh:2[m[K,
                 from [01m[K/home/raj/jackal_ws/src/nav-competition-icra2022/jackal_helper/src/collision_publisher.cpp:5[m[K:
[01m[K/usr/include/c++/9/utility:219:5:[m[K [01;36m[Knote: [m[Kcandidate: ‘[01m[Ktemplate<long unsigned int _Int, class _Tp1, class _Tp2> constexpr typename std::tuple_element<_Int, std::pair<_Tp1, _Tp2> >::type& std::get(std::pair<_Tp1, _Tp2>&)[m[K’
  219 |     [01;36m[Kget[m[K(std::pair<_Tp1, _Tp2>& __in) noexcept
      |     [01;36m[K^~~[m[K
[01m[K/usr/include/c++/9/utility:219:5:[m[K [01;36m[Knote: [m[K  template argument deduction/substitution failed:
[01m[K/usr/include/c++/9/utility:224:5:[m[K [01;36m[Knote: [m[Kcandidate: ‘[01m[Ktemplate<long unsigned int _Int, class _Tp1, class _Tp2> constexpr typename std::tuple_element<_Int, std::pair<_Tp1, _Tp2> >::type&& std::get(std::pair<_Tp1, _Tp2>&&)[m[K’
  224 |     [01;36m[Kget[m[K(std::pair<_Tp1, _Tp2>&& __in) noexcept
      |     [01;36m[K^~~[m[K
[01m[K/usr/include/c++/9/utility:224:5:[m[K [01;36m[Knote: [m[K  template argument deduction/substitution failed:
[01m[K/usr/include/c++/9/utility:229:5:[m[K [01;36m[Knote: [m[Kcandidate: ‘[01m[Ktemplate<long unsigned int _Int, class _Tp1, class _Tp2> constexpr const typename std::tuple_element<_Int, std::pair<_Tp1, _Tp2> >::type& std::get(const std::pair<_Tp1, _Tp2>&)[m[K’
  229 |     [01;36m[Kget[m[K(const std::pair<_Tp1, _Tp2>& __in) noexcept
      |     [01;36m[K^~~[m[K
[01m[K/usr/include/c++/9/utility:229:5:[m[K [01;36m[Knote: [m[K  template argument deduction/substitution failed:
[01m[K/usr/include/c++/9/utility:234:5:[m[K [01;36m[Knote: [m[Kcandidate: ‘[01m[Ktemplate<long unsigned int _Int, class _Tp1, class _Tp2> constexpr const typename std::tuple_element<_Int, std::pair<_Tp1, _Tp2> >::type&& std::get(const std::pair<_Tp1, _Tp2>&&)[m[K’
  234 |     [01;36m[Kget[m[K(const std::pair<_Tp1, _Tp2>&& __in) noexcept
      |     [01;36m[K^~~[m[K
[01m[K/usr/include/c++/9/utility:234:5:[m[K [01;36m[Knote: [m[K  template argument deduction/substitution failed:
In file included from [01m[K/usr/include/c++/9/tuple:39[m[K,
                 from [01m[K/usr/include/c++/9/bits/stl_map.h:63[m[K,
                 from [01m[K/usr/include/c++/9/map:61[m[K,
                 from [01m[K/usr/include/google/protobuf/stubs/common.h:40[m[K,
                 from [01m[K/usr/include/google/protobuf/arena_impl.h:39[m[K,
                 from [01m[K/usr/include/google/protobuf/arena.h:51[m[K,
                 from [01m[K/usr/include/google/protobuf/message.h:118[m[K,
                 from [01m[K/usr/lib/x86_64-linux-gnu/pkgconfig/../../../include/gazebo-11/gazebo/transport/CallbackHelper.hh:20[m[K,
                 from [01m[K/usr/lib/x86_64-linux-gnu/pkgconfig/../../../include/gazebo-11/gazebo/transport/transport.hh:2[m[K,
                 from [01m[K/home/raj/jackal_ws/src/nav-competition-icra2022/jackal_helper/src/collision_publisher.cpp:5[m[K:
[01m[K/usr/include/c++/9/array:307:5:[m[K [01;36m[Knote: [m[Kcandidate: ‘[01m[Ktemplate<long unsigned int _Int, class _Tp, long unsigned int _Nm> constexpr _Tp& std::get(std::array<_Tp, _Nm>&)[m[K’
  307 |     [01;36m[Kget[m[K(array<_Tp, _Nm>& __arr) noexcept
      |     [01;36m[K^~~[m[K
[01m[K/usr/include/c++/9/array:307:5:[m[K [01;36m[Knote: [m[K  template argument deduction/substitution failed:
[01m[K/usr/include/c++/9/array:316:5:[m[K [01;36m[Knote: [m[Kcandidate: ‘[01m[Ktemplate<long unsigned int _Int, class _Tp, long unsigned int _Nm> constexpr _Tp&& std::get(std::array<_Tp, _Nm>&&)[m[K’
  316 |     [01;36m[Kget[m[K(array<_Tp, _Nm>&& __arr) noexcept
      |     [01;36m[K^~~[m[K
[01m[K/usr/include/c++/9/array:316:5:[m[K [01;36m[Knote: [m[K  template argument deduction/substitution failed:
[01m[K/usr/include/c++/9/array:324:5:[m[K [01;36m[Knote: [m[Kcandidate: ‘[01m[Ktemplate<long unsigned int _Int, class _Tp, long unsigned int _Nm> constexpr const _Tp& std::get(const std::array<_Tp, _Nm>&)[m[K’
  324 |     [01;36m[Kget[m[K(const array<_Tp, _Nm>& __arr) noexcept
      |     [01;36m[K^~~[m[K
[01m[K/usr/include/c++/9/array:324:5:[m[K [01;36m[Knote: [m[K  template argument deduction/substitution failed:
[01m[K/usr/include/c++/9/array:333:5:[m[K [01;36m[Knote: [m[Kcandidate: ‘[01m[Ktemplate<long unsigned int _Int, class _Tp, long unsigned int _Nm> constexpr const _Tp&& std::get(const std::array<_Tp, _Nm>&&)[m[K’
  333 |     [01;36m[Kget[m[K(const array<_Tp, _Nm>&& __arr) noexcept
      |     [01;36m[K^~~[m[K
[01m[K/usr/include/c++/9/array:333:5:[m[K [01;36m[Knote: [m[K  template argument deduction/substitution failed:
In file included from [01m[K/usr/include/c++/9/bits/stl_map.h:63[m[K,
                 from [01m[K/usr/include/c++/9/map:61[m[K,
                 from [01m[K/usr/include/google/protobuf/stubs/common.h:40[m[K,
                 from [01m[K/usr/include/google/protobuf/arena_impl.h:39[m[K,
                 from [01m[K/usr/include/google/protobuf/arena.h:51[m[K,
                 from [01m[K/usr/include/google/protobuf/message.h:118[m[K,
                 from [01m[K/usr/lib/x86_64-linux-gnu/pkgconfig/../../../include/gazebo-11/gazebo/transport/CallbackHelper.hh:20[m[K,
                 from [01m[K/usr/lib/x86_64-linux-gnu/pkgconfig/../../../include/gazebo-11/gazebo/transport/transport.hh:2[m[K,
                 from [01m[K/home/raj/jackal_ws/src/nav-competition-icra2022/jackal_helper/src/collision_publisher.cpp:5[m[K:
[01m[K/usr/include/c++/9/tuple:1320:5:[m[K [01;36m[Knote: [m[Kcandidate: ‘[01m[Ktemplate<long unsigned int __i, class ... _Elements> constexpr std::__tuple_element_t<__i, std::tuple<_Args2 ...> >& std::get(std::tuple<_Args2 ...>&)[m[K’
 1320 |     [01;36m[Kget[m[K(tuple<_Elements...>& __t) noexcept
      |     [01;36m[K^~~[m[K
[01m[K/usr/include/c++/9/tuple:1320:5:[m[K [01;36m[Knote: [m[K  template argument deduction/substitution failed:
[01m[K/usr/include/c++/9/tuple:1326:5:[m[K [01;36m[Knote: [m[Kcandidate: ‘[01m[Ktemplate<long unsigned int __i, class ... _Elements> constexpr std::__tuple_element_t<__i, std::tuple<_Args2 ...> >& std::get(const std::tuple<_Args2 ...>&)[m[K’
 1326 |     [01;36m[Kget[m[K(const tuple<_Elements...>& __t) noexcept
      |     [01;36m[K^~~[m[K
[01m[K/usr/include/c++/9/tuple:1326:5:[m[K [01;36m[Knote: [m[K  template argument deduction/substitution failed:
[01m[K/usr/include/c++/9/tuple:1332:5:[m[K [01;36m[Knote: [m[Kcandidate: ‘[01m[Ktemplate<long unsigned int __i, class ... _Elements> constexpr std::__tuple_element_t<__i, std::tuple<_Args2 ...> >&& std::get(std::tuple<_Args2 ...>&&)[m[K’
 1332 |     [01;36m[Kget[m[K(tuple<_Elements...>&& __t) noexcept
      |     [01;36m[K^~~[m[K
[01m[K/usr/include/c++/9/tuple:1332:5:[m[K [01;36m[Knote: [m[K  template argument deduction/substitution failed:
[01m[K/usr/include/c++/9/tuple:1341:5:[m[K [01;36m[Knote: [m[Kcandidate: ‘[01m[Ktemplate<long unsigned int __i, class ... _Elements> constexpr std::__tuple_element_t<__i, std::tuple<_Args2 ...> >&& std::get(const std::tuple<_Args2 ...>&&)[m[K’
 1341 |     [01;36m[Kget[m[K(const tuple<_Elements...>&& __t) noexcept
      |     [01;36m[K^~~[m[K
[01m[K/usr/include/c++/9/tuple:1341:5:[m[K [01;36m[Knote: [m[K  template argument deduction/substitution failed:
In file included from [01m[K/usr/lib/x86_64-linux-gnu/pkgconfig/../../../include/ignition/math6/gz/math/Quaternion.hh:20[m[K,
                 from [01m[K/usr/lib/x86_64-linux-gnu/pkgconfig/../../../include/ignition/math6/gz/math/Pose3.hh:20[m[K,
                 from [01m[K/usr/lib/x86_64-linux-gnu/pkgconfig/../../../include/ignition/math6/ignition/math/Pose3.hh:18[m[K,
                 from [01m[K/usr/include/sdformat-9.8/sdf/Actor.hh:23[m[K,
                 from [01m[K/usr/include/sdformat-9.8/sdf/sdf.hh:2[m[K,
                 from [01m[K/usr/lib/x86_64-linux-gnu/pkgconfig/../../../include/gazebo-11/gazebo/msgs/msgs.hh:22[m[K,
                 from [01m[K/usr/lib/x86_64-linux-gnu/pkgconfig/../../../include/gazebo-11/gazebo/transport/CallbackHelper.hh:29[m[K,
                 from [01m[K/usr/lib/x86_64-linux-gnu/pkgconfig/../../../include/gazebo-11/gazebo/transport/transport.hh:2[m[K,
                 from [01m[K/home/raj/jackal_ws/src/nav-competition-icra2022/jackal_helper/src/collision_publisher.cpp:5[m[K:
[01m[K/usr/lib/x86_64-linux-gnu/pkgconfig/../../../include/ignition/math6/gz/math/Helpers.hh:838:30:[m[K [01;31m[Kerror: [m[Kno matching function for call to ‘[01m[Kget<std::chrono::duration<long unsigned int, std::ratio<86400, 1> > >(std::tuple<std::chrono::duration<long unsigned int, std::ratio<86400, 1> >, std::chrono::duration<long int, std::ratio<3600, 1> >, std::chrono::duration<long int, std::ratio<60, 1> >, std::chrono::duration<long int, std::ratio<1, 1> >, std::chrono::duration<long int, std::ratio<1, 1000> > >&)[m[K’
  838 |           [01;31m[Kstd::get<Durations>(retval)[m[K)))), 0)...};
      |           [01;31m[K~~~~~~~~~~~~~~~~~~~^~~~~~~~[m[K
In file included from [01m[K/usr/include/c++/9/algorithm:60[m[K,
                 from [01m[K/usr/include/google/protobuf/stubs/common.h:38[m[K,
                 from [01m[K/usr/include/google/protobuf/arena_impl.h:39[m[K,
                 from [01m[K/usr/include/google/protobuf/arena.h:51[m[K,
                 from [01m[K/usr/include/google/protobuf/message.h:118[m[K,
                 from [01m[K/usr/lib/x86_64-linux-gnu/pkgconfig/../../../include/gazebo-11/gazebo/transport/CallbackHelper.hh:20[m[K,
                 from [01m[K/usr/lib/x86_64-linux-gnu/pkgconfig/../../../include/gazebo-11/gazebo/transport/transport.hh:2[m[K,
                 from [01m[K/home/raj/jackal_ws/src/nav-competition-icra2022/jackal_helper/src/collision_publisher.cpp:5[m[K:
[01m[K/usr/include/c++/9/utility:219:5:[m[K [01;36m[Knote: [m[Kcandidate: ‘[01m[Ktemplate<long unsigned int _Int, class _Tp1, class _Tp2> constexpr typename std::tuple_element<_Int, std::pair<_Tp1, _Tp2> >::type& std::get(std::pair<_Tp1, _Tp2>&)[m[K’
  219 |     [01;36m[Kget[m[K(std::pair<_Tp1, _Tp2>& __in) noexcept
      |     [01;36m[K^~~[m[K
[01m[K/usr/include/c++/9/utility:219:5:[m[K [01;36m[Knote: [m[K  template argument deduction/substitution failed:
[01m[K/usr/include/c++/9/utility:224:5:[m[K [01;36m[Knote: [m[Kcandidate: ‘[01m[Ktemplate<long unsigned int _Int, class _Tp1, class _Tp2> constexpr typename std::tuple_element<_Int, std::pair<_Tp1, _Tp2> >::type&& std::get(std::pair<_Tp1, _Tp2>&&)[m[K’
  224 |     [01;36m[Kget[m[K(std::pair<_Tp1, _Tp2>&& __in) noexcept
      |     [01;36m[K^~~[m[K
[01m[K/usr/include/c++/9/utility:224:5:[m[K [01;36m[Knote: [m[K  template argument deduction/substitution failed:
[01m[K/usr/include/c++/9/utility:229:5:[m[K [01;36m[Knote: [m[Kcandidate: ‘[01m[Ktemplate<long unsigned int _Int, class _Tp1, class _Tp2> constexpr const typename std::tuple_element<_Int, std::pair<_Tp1, _Tp2> >::type& std::get(const std::pair<_Tp1, _Tp2>&)[m[K’
  229 |     [01;36m[Kget[m[K(const std::pair<_Tp1, _Tp2>& __in) noexcept
      |     [01;36m[K^~~[m[K
[01m[K/usr/include/c++/9/utility:229:5:[m[K [01;36m[Knote: [m[K  template argument deduction/substitution failed:
[01m[K/usr/include/c++/9/utility:234:5:[m[K [01;36m[Knote: [m[Kcandidate: ‘[01m[Ktemplate<long unsigned int _Int, class _Tp1, class _Tp2> constexpr const typename std::tuple_element<_Int, std::pair<_Tp1, _Tp2> >::type&& std::get(const std::pair<_Tp1, _Tp2>&&)[m[K’
  234 |     [01;36m[Kget[m[K(const std::pair<_Tp1, _Tp2>&& __in) noexcept
      |     [01;36m[K^~~[m[K
[01m[K/usr/include/c++/9/utility:234:5:[m[K [01;36m[Knote: [m[K  template argument deduction/substitution failed:
In file included from [01m[K/usr/include/c++/9/tuple:39[m[K,
                 from [01m[K/usr/include/c++/9/bits/stl_map.h:63[m[K,
                 from [01m[K/usr/include/c++/9/map:61[m[K,
                 from [01m[K/usr/include/google/protobuf/stubs/common.h:40[m[K,
                 from [01m[K/usr/include/google/protobuf/arena_impl.h:39[m[K,
                 from [01m[K/usr/include/google/protobuf/arena.h:51[m[K,
                 from [01m[K/usr/include/google/protobuf/message.h:118[m[K,
                 from [01m[K/usr/lib/x86_64-linux-gnu/pkgconfig/../../../include/gazebo-11/gazebo/transport/CallbackHelper.hh:20[m[K,
                 from [01m[K/usr/lib/x86_64-linux-gnu/pkgconfig/../../../include/gazebo-11/gazebo/transport/transport.hh:2[m[K,
                 from [01m[K/home/raj/jackal_ws/src/nav-competition-icra2022/jackal_helper/src/collision_publisher.cpp:5[m[K:
[01m[K/usr/include/c++/9/array:307:5:[m[K [01;36m[Knote: [m[Kcandidate: ‘[01m[Ktemplate<long unsigned int _Int, class _Tp, long unsigned int _Nm> constexpr _Tp& std::get(std::array<_Tp, _Nm>&)[m[K’
  307 |     [01;36m[Kget[m[K(array<_Tp, _Nm>& __arr) noexcept
      |     [01;36m[K^~~[m[K
[01m[K/usr/include/c++/9/array:307:5:[m[K [01;36m[Knote: [m[K  template argument deduction/substitution failed:
[01m[K/usr/include/c++/9/array:316:5:[m[K [01;36m[Knote: [m[Kcandidate: ‘[01m[Ktemplate<long unsigned int _Int, class _Tp, long unsigned int _Nm> constexpr _Tp&& std::get(std::array<_Tp, _Nm>&&)[m[K’
  316 |     [01;36m[Kget[m[K(array<_Tp, _Nm>&& __arr) noexcept
      |     [01;36m[K^~~[m[K
[01m[K/usr/include/c++/9/array:316:5:[m[K [01;36m[Knote: [m[K  template argument deduction/substitution failed:
[01m[K/usr/include/c++/9/array:324:5:[m[K [01;36m[Knote: [m[Kcandidate: ‘[01m[Ktemplate<long unsigned int _Int, class _Tp, long unsigned int _Nm> constexpr const _Tp& std::get(const std::array<_Tp, _Nm>&)[m[K’
  324 |     [01;36m[Kget[m[K(const array<_Tp, _Nm>& __arr) noexcept
      |     [01;36m[K^~~[m[K
[01m[K/usr/include/c++/9/array:324:5:[m[K [01;36m[Knote: [m[K  template argument deduction/substitution failed:
[01m[K/usr/include/c++/9/array:333:5:[m[K [01;36m[Knote: [m[Kcandidate: ‘[01m[Ktemplate<long unsigned int _Int, class _Tp, long unsigned int _Nm> constexpr const _Tp&& std::get(const std::array<_Tp, _Nm>&&)[m[K’
  333 |     [01;36m[Kget[m[K(const array<_Tp, _Nm>&& __arr) noexcept
      |     [01;36m[K^~~[m[K
[01m[K/usr/include/c++/9/array:333:5:[m[K [01;36m[Knote: [m[K  template argument deduction/substitution failed:
In file included from [01m[K/usr/include/c++/9/bits/stl_map.h:63[m[K,
                 from [01m[K/usr/include/c++/9/map:61[m[K,
                 from [01m[K/usr/include/google/protobuf/stubs/common.h:40[m[K,
                 from [01m[K/usr/include/google/protobuf/arena_impl.h:39[m[K,
                 from [01m[K/usr/include/google/protobuf/arena.h:51[m[K,
                 from [01m[K/usr/include/google/protobuf/message.h:118[m[K,
                 from [01m[K/usr/lib/x86_64-linux-gnu/pkgconfig/../../../include/gazebo-11/gazebo/transport/CallbackHelper.hh:20[m[K,
                 from [01m[K/usr/lib/x86_64-linux-gnu/pkgconfig/../../../include/gazebo-11/gazebo/transport/transport.hh:2[m[K,
                 from [01m[K/home/raj/jackal_ws/src/nav-competition-icra2022/jackal_helper/src/collision_publisher.cpp:5[m[K:
[01m[K/usr/include/c++/9/tuple:1320:5:[m[K [01;36m[Knote: [m[Kcandidate: ‘[01m[Ktemplate<long unsigned int __i, class ... _Elements> constexpr std::__tuple_element_t<__i, std::tuple<_Args2 ...> >& std::get(std::tuple<_Args2 ...>&)[m[K’
 1320 |     [01;36m[Kget[m[K(tuple<_Elements...>& __t) noexcept
      |     [01;36m[K^~~[m[K
[01m[K/usr/include/c++/9/tuple:1320:5:[m[K [01;36m[Knote: [m[K  template argument deduction/substitution failed:
[01m[K/usr/include/c++/9/tuple:1326:5:[m[K [01;36m[Knote: [m[Kcandidate: ‘[01m[Ktemplate<long unsigned int __i, class ... _Elements> constexpr std::__tuple_element_t<__i, std::tuple<_Args2 ...> >& std::get(const std::tuple<_Args2 ...>&)[m[K’
 1326 |     [01;36m[Kget[m[K(const tuple<_Elements...>& __t) noexcept
      |     [01;36m[K^~~[m[K
[01m[K/usr/include/c++/9/tuple:1326:5:[m[K [01;36m[Knote: [m[K  template argument deduction/substitution failed:
[01m[K/usr/include/c++/9/tuple:1332:5:[m[K [01;36m[Knote: [m[Kcandidate: ‘[01m[Ktemplate<long unsigned int __i, class ... _Elements> constexpr std::__tuple_element_t<__i, std::tuple<_Args2 ...> >&& std::get(std::tuple<_Args2 ...>&&)[m[K’
 1332 |     [01;36m[Kget[m[K(tuple<_Elements...>&& __t) noexcept
      |     [01;36m[K^~~[m[K
[01m[K/usr/include/c++/9/tuple:1332:5:[m[K [01;36m[Knote: [m[K  template argument deduction/substitution failed:
[01m[K/usr/include/c++/9/tuple:1341:5:[m[K [01;36m[Knote: [m[Kcandidate: ‘[01m[Ktemplate<long unsigned int __i, class ... _Elements> constexpr std::__tuple_element_t<__i, std::tuple<_Args2 ...> >&& std::get(const std::tuple<_Args2 ...>&&)[m[K’
 1341 |     [01;36m[Kget[m[K(const tuple<_Elements...>&& __t) noexcept
      |     [01;36m[K^~~[m[K
[01m[K/usr/include/c++/9/tuple:1341:5:[m[K [01;36m[Knote: [m[K  template argument deduction/substitution failed:
make[2]: *** [CMakeFiles/collision_publisher_node.dir/build.make:63: CMakeFiles/collision_publisher_node.dir/src/collision_publisher.cpp.o] Error 1
make[1]: *** [CMakeFiles/Makefile2:673: CMakeFiles/collision_publisher_node.dir/all] Error 2
make: *** [Makefile:141: all] Error 2
