CMake Warning (dev) at CMakeLists.txt:2 (project):
  Policy CMP0048 is not set: project() command manages VERSION variables.
  Run "cmake --help-policy CMP0048" for policy details.  Use the cmake_policy
  command to set the policy and suppress this warning.

  The following variable(s) would be set to empty:

    CMAKE_PROJECT_VERSION
    CMAKE_PROJECT_VERSION_MAJOR
    CMAKE_PROJECT_VERSION_MINOR
    CMAKE_PROJECT_VERSION_PATCH
This warning is for project developers.  Use -Wno-dev to suppress it.

[36m--[0m Using CATKIN_DEVEL_PREFIX: /home/raj/jackal_ws/devel/.private/jackal_helper
[36m--[0m Using CMAKE_PREFIX_PATH: /home/raj/jackal_ws/devel;/home/raj/catkin_ws/devel;/opt/ros/noetic
[36m--[0m This workspace overlays: /home/raj/jackal_ws/devel;/home/raj/catkin_ws/devel;/opt/ros/noetic
[36m--[0m Found PythonInterp: /home/raj/anaconda3/bin/python3 (found suitable version "3.9.13", minimum required is "3")
[36m--[0m Using PYTHON_EXECUTABLE: /home/raj/anaconda3/bin/python3
[36m--[0m Using Debian Python package layout
[36m--[0m Using empy: /home/raj/anaconda3/lib/python3.9/site-packages/em.py
[36m--[0m Using CATKIN_ENABLE_TESTING: ON
[36m--[0m Call enable_testing()
[36m--[0m Using CATKIN_TEST_RESULTS_DIR: /home/raj/jackal_ws/build/jackal_helper/test_results
[36m--[0m Forcing gtest/gmock from source, though one was otherwise available.
[36m--[0m Found gtest sources under '/usr/src/googletest': gtests will be built
[36m--[0m Found gmock sources under '/usr/src/googletest': gmock will be built
[36m--[0m Found PythonInterp: /home/raj/anaconda3/bin/python3 (found version "3.9.13")
[36m--[0m Using Python nosetests: /usr/bin/nosetests3
[36m--[0m catkin 0.8.10
[36m--[0m BUILD_SHARED_LIBS is on
[36m--[0m Using these message generators: gencpp;geneus;genlisp;gennodejs;genpy
[36m--[0m Found Boost: /usr/lib/x86_64-linux-gnu/cmake/Boost-1.71.0/BoostConfig.cmake (found version "1.71.0")
[36m--[0m Found Boost: /usr/lib/x86_64-linux-gnu/cmake/Boost-1.71.0/BoostConfig.cmake (found version "1.71.0") found components: system filesystem regex
[33m[1mCMake Warning[0m at /usr/share/cmake-3.16/Modules/FindProtobuf.cmake:499 (message):
  Protobuf compiler version 3.15.8 doesn't match library version 3.6.1
[36mCall Stack (most recent call first):[0m
  CMakeLists.txt:23 (find_package)


[36m--[0m Configuring done
[36m--[0m Generating done
[36m--[0m Build files have been written to: /home/raj/jackal_ws/build/jackal_helper
